[2019-02-19 12:36:47.684] [exthost] [info] extension host started
[2019-02-19 12:36:47.695] [exthost] [info] ExtensionService#_doActivateExtension vscode.debug-auto-launch {"startup":true,"activationEvent":"*"}
[2019-02-19 12:36:47.695] [exthost] [info] ExtensionService#loadCommonJSModule /usr/share/code/resources/app/extensions/debug-auto-launch/dist/extension
[2019-02-19 12:36:47.699] [exthost] [info] ExtensionService#_doActivateExtension vscode.emmet {"startup":true,"activationEvent":"*"}
[2019-02-19 12:36:47.699] [exthost] [info] ExtensionService#loadCommonJSModule /usr/share/code/resources/app/extensions/emmet/dist/extension
[2019-02-19 12:36:47.714] [exthost] [info] ExtensionService#_doActivateExtension vscode.git {"startup":true,"activationEvent":"*"}
[2019-02-19 12:36:47.714] [exthost] [info] ExtensionService#loadCommonJSModule /usr/share/code/resources/app/extensions/git/dist/main
[2019-02-19 12:36:47.800] [exthost] [info] ExtensionService#_doActivateExtension vscode.merge-conflict {"startup":true,"activationEvent":"*"}
[2019-02-19 12:36:47.800] [exthost] [info] ExtensionService#loadCommonJSModule /usr/share/code/resources/app/extensions/merge-conflict/dist/extension
[2019-02-19 12:36:47.804] [exthost] [info] ExtensionService#_doActivateExtension jakethashi.vscode-angular2-emmet {"startup":true,"activationEvent":"*"}
[2019-02-19 12:36:47.804] [exthost] [info] ExtensionService#loadCommonJSModule /home/usuario/.vscode/extensions/jakethashi.vscode-angular2-emmet-2.0.3/out/src/extension
[2019-02-19 12:36:47.862] [exthost] [info] eager extensions activated
[2019-02-19 12:37:00.986] [exthost] [info] ExtensionService#_doActivateExtension vscode.extension-editing {"startup":false,"activationEvent":"onLanguage:typescript"}
[2019-02-19 12:37:00.986] [exthost] [info] ExtensionService#loadCommonJSModule /usr/share/code/resources/app/extensions/extension-editing/dist/extension
[2019-02-19 12:37:01.022] [exthost] [info] ExtensionService#_doActivateExtension vscode.typescript-language-features {"startup":false,"activationEvent":"onLanguage:typescript"}
[2019-02-19 12:37:01.022] [exthost] [info] ExtensionService#loadCommonJSModule /usr/share/code/resources/app/extensions/typescript-language-features/dist/extension
[2019-02-19 12:37:01.085] [exthost] [info] ExtensionService#_doActivateExtension Angular.ng-template {"startup":false,"activationEvent":"onLanguage:typescript"}
[2019-02-19 12:37:01.085] [exthost] [info] ExtensionService#loadCommonJSModule /home/usuario/.vscode/extensions/angular.ng-template-0.1.11/out/extension
[2019-02-19 12:37:02.685] [exthost] [info] ExtensionService#_doActivateExtension vscode.configuration-editing {"startup":false,"activationEvent":"onLanguage:jsonc"}
[2019-02-19 12:37:02.685] [exthost] [info] ExtensionService#loadCommonJSModule /usr/share/code/resources/app/extensions/configuration-editing/dist/extension
[2019-02-19 12:37:02.695] [exthost] [info] ExtensionService#_doActivateExtension vscode.json-language-features {"startup":false,"activationEvent":"onLanguage:jsonc"}
[2019-02-19 12:37:02.696] [exthost] [info] ExtensionService#loadCommonJSModule /usr/share/code/resources/app/extensions/json-language-features/client/dist/jsonMain
[2019-02-19 12:55:22.446] [exthost] [info] ExtensionService#_doActivateExtension vscode.npm {"startup":false,"activationEvent":"onLanguage:json"}
[2019-02-19 12:55:22.446] [exthost] [info] ExtensionService#loadCommonJSModule /usr/share/code/resources/app/extensions/npm/dist/main
