Search path: /angular/presupuestoApp/src/app/formulario
Config file name: /angular/presupuestoApp/tsconfig.json
Angular Language Service: 7.2.4
TypeScript: 3.1.6
getTemplateReferences: 1060ms
Add recursive watcher for: /angular/presupuestoApp
Opened configuration file /angular/presupuestoApp/tsconfig.json
getTemplateReferences: 0ms
getDiagnostics: 20ms
Search path: /angular/presupuestoApp/src/app/formulario
Config file name: /angular/presupuestoApp/tsconfig.json
getTemplateReferences: 0ms
getDiagnostics: 1ms
[Info  - 12:25:55] /angular/presupuestoApp/src/app/formulario/formulario.component.spec.ts deleted
Detected source file changes: /angular/presupuestoApp/src/app/formulario/formulario.component.spec.ts
getTemplateReferences: 0ms
updating project structure from ...
updated: ng - 35ms
Search path: /angular/presupuestoApp/src/app
Config file name: /angular/presupuestoApp/tsconfig.json
getTemplateReferences: 47ms
getDiagnostics: 1ms
[Info  - 12:25:58] /angular/presupuestoApp/src/app/app.component.spec.ts deleted
Detected source file changes: /angular/presupuestoApp/src/app/app.component.spec.ts
getTemplateReferences: 0ms
updating project structure from ...
updated: ng - 29ms
Search path: /angular/presupuestoApp/src/app
Config file name: /angular/presupuestoApp/tsconfig.json
getTemplateReferences: 35ms
getDiagnostics: 9ms
getHoverAt: 0ms
getHoverAt: 1ms
Search path: /angular/presupuestoApp/src/app
Config file name: /angular/presupuestoApp/tsconfig.json
getTemplateReferences: 0ms
getDiagnostics: 24ms
getHoverAt: 0ms
getHoverAt: 0ms
getHoverAt: 0ms
getHoverAt: 0ms
getHoverAt: 0ms
getHoverAt: 0ms
getHoverAt: 0ms
getHoverAt: 1ms
getHoverAt: 0ms
getHoverAt: 0ms
getHoverAt: 0ms
getHoverAt: 0ms
getHoverAt: 1ms
Search path: /angular/presupuestoApp/src/app/formulario
Config file name: /angular/presupuestoApp/tsconfig.json
getTemplateReferences: 51ms
getTemplateReferences: 0ms
getDiagnostics: 16ms
getCompletions: 58ms
getCompletions: 60ms
getDiagnostics: 44ms
getDiagnostics: 59ms
getDiagnostics: 62ms
updating project structure from ...
getTemplateReferences: 0ms
updated: ng - 0ms
getCompletions: 41ms
getDiagnostics: 51ms
getCompletions: 41ms
getDiagnostics: 48ms
updating project structure from ...
getTemplateReferences: 0ms
updated: ng - 0ms
getHoverAt: 4ms
getDiagnostics: 61ms
updating project structure from ...
getTemplateReferences: 0ms
updated: ng - 0ms
getCompletions: 40ms
getCompletions: 59ms
getDiagnostics: 43ms
getCompletions: 29ms
getDiagnostics: 47ms
getDiagnostics: 46ms
getDiagnostics: 52ms
getCompletions: 30ms
getDiagnostics: 56ms
updating project structure from ...
getTemplateReferences: 0ms
updated: ng - 0ms
getDiagnostics: 48ms
getDiagnostics: 49ms
updating project structure from ...
getTemplateReferences: 0ms
updated: ng - 0ms
getCompletions: 29ms
getDiagnostics: 45ms
updating project structure from ...
getTemplateReferences: 0ms
updated: ng - 0ms
getDiagnostics: 45ms
updating project structure from ...
getTemplateReferences: 0ms
updated: ng - 0ms
getCompletions: 31ms
getDiagnostics: 43ms
updating project structure from ...
getTemplateReferences: 0ms
updated: ng - 0ms
getDiagnostics: 44ms
getDiagnostics: 51ms
updating project structure from ...
getTemplateReferences: 0ms
updated: ng - 0ms
getCompletions: 29ms
getDiagnostics: 45ms
getDiagnostics: 41ms
getCompletions: 24ms
getDiagnostics: 38ms
updating project structure from ...
getTemplateReferences: 0ms
updated: ng - 0ms
getCompletions: 24ms
getDiagnostics: 37ms
updating project structure from ...
getTemplateReferences: 0ms
updated: ng - 0ms
getCompletions: 21ms
getCompletions: 36ms
getDiagnostics: 7ms
getDiagnostics: 43ms
updating project structure from ...
getTemplateReferences: 0ms
updated: ng - 0ms
getHoverAt: 5ms
getCompletions: 35ms
getDiagnostics: 26ms
getDiagnostics: 57ms
getCompletions: 39ms
getCompletions: 40ms
getDiagnostics: 46ms
getDiagnostics: 46ms
getDiagnostics: 45ms
getDiagnostics: 43ms
updating project structure from ...
getTemplateReferences: 0ms
updated: ng - 0ms
getHoverAt: 3ms
getHoverAt: 7ms
getHoverAt: 34ms
getDiagnostics: 25ms
getHoverAt: 2ms
updating project structure from ...
getTemplateReferences: 0ms
updated: ng - 0ms
getDiagnostics: 47ms
updating project structure from ...
getTemplateReferences: 0ms
updated: ng - 0ms
getCompletions: 46ms
getDiagnostics: 30ms
getCompletions: 33ms
getDiagnostics: 23ms
getCompletions: 29ms
getDiagnostics: 48ms
updating project structure from ...
getTemplateReferences: 0ms
updated: ng - 0ms
getDiagnostics: 54ms
getDiagnostics: 47ms
updating project structure from ...
getTemplateReferences: 0ms
updated: ng - 0ms
getDiagnostics: 50ms
updating project structure from ...
getTemplateReferences: 0ms
updated: ng - 0ms
getCompletions: 31ms
getDiagnostics: 59ms
getDiagnostics: 46ms
updating project structure from ...
getTemplateReferences: 0ms
updated: ng - 0ms
getDefinitionAt: 6ms
getDefinitionAt: 3ms
getHoverAt: 3ms
getDefinitionAt: 2ms
getDefinitionAt: 33ms
getDiagnostics: 23ms
getHoverAt: 6ms
updating project structure from ...
getTemplateReferences: 0ms
updated: ng - 1ms
getDefinitionAt: 2ms
getDefinitionAt: 27ms
getDiagnostics: 26ms
getHoverAt: 6ms
updating project structure from ...
getTemplateReferences: 0ms
updated: ng - 0ms
getDiagnostics: 54ms
updating project structure from ...
getTemplateReferences: 0ms
updated: ng - 0ms
getCompletions: 26ms
getCompletions: 47ms
getCompletions: 24ms
getCompletions: 41ms
getCompletions: 22ms
getDiagnostics: 19ms
updating project structure from ...
getTemplateReferences: 0ms
updated: ng - 0ms
getHoverAt: 3ms
getDiagnostics: 44ms
updating project structure from ...
getTemplateReferences: 18ms
updated: ng - 0ms
getDiagnostics: 24ms
updating project structure from ...
getTemplateReferences: 17ms
updated: ng - 0ms
getHoverAt: 4ms
getDiagnostics: 29ms
updating project structure from ...
getTemplateReferences: 20ms
updated: ng - 0ms
getHoverAt: 3ms
getHoverAt: 4ms
getDiagnostics: 31ms
getHoverAt: 18ms
updating project structure from ...
getTemplateReferences: 0ms
updated: ng - 0ms
getHoverAt: 4ms
getDiagnostics: 25ms
updating project structure from ...
getTemplateReferences: 19ms
updated: ng - 0ms
Search path: /angular/presupuestoApp/src/app/formulario
Config file name: /angular/presupuestoApp/tsconfig.json
getTemplateReferences: 0ms
getDiagnostics: 22ms
getHoverAt: 0ms
getDiagnostics: 39ms
getDiagnostics: 27ms
updating project structure from ...
getTemplateReferences: 21ms
updated: ng - 0ms
getCompletions: 14ms
getDiagnostics: 28ms
getCompletions: 11ms
getCompletions: 14ms
getCompletions: 15ms
getCompletions: 9ms
getCompletions: 12ms
getDiagnostics: 38ms
getDiagnostics: 24ms
getCompletions: 11ms
getDiagnostics: 58ms
getDiagnostics: 32ms
getDiagnostics: 42ms
getDiagnostics: 26ms
updating project structure from ...
getTemplateReferences: 13ms
updated: ng - 0ms
getCompletions: 9ms
getDiagnostics: 33ms
getDiagnostics: 34ms
updating project structure from ...
getTemplateReferences: 0ms
updated: ng - 0ms
getDiagnostics: 27ms
getDiagnostics: 43ms
updating project structure from ...
getTemplateReferences: 0ms
updated: ng - 0ms
getCompletions: 10ms
getCompletions: 8ms
getCompletions: 9ms
getCompletions: 9ms
getCompletions: 9ms
getDiagnostics: 15ms
getCompletions: 13ms
getCompletions: 10ms
getCompletions: 17ms
getDiagnostics: 39ms
updating project structure from ...
getTemplateReferences: 0ms
updated: ng - 0ms
getHoverAt: 1ms
getDefinitionAt: 0ms
getDefinitionAt: 0ms
Search path: /angular/presupuestoApp/node_modules/@angular/core/src/metadata
Config file name: /angular/presupuestoApp/tsconfig.json
getTemplateReferences: 0ms
getTemplateReferences: 0ms
getDefinitionAt: 0ms
Search path: /angular/presupuestoApp/node_modules/@angular/core/src/metadata
Config file name: /angular/presupuestoApp/tsconfig.json
getTemplateReferences: 0ms
getTemplateReferences: 0ms
getDiagnostics: 1ms
Search path: /angular/presupuestoApp/src/app/formulario
Config file name: /angular/presupuestoApp/tsconfig.json
getTemplateReferences: 0ms
getTemplateReferences: 0ms
getDiagnostics: 17ms
getHoverAt: 20ms
getHoverAt: 4ms
getHoverAt: 4ms
getHoverAt: 2ms
getHoverAt: 2ms
getHoverAt: 5ms
getHoverAt: 8ms
getHoverAt: 5ms
getDefinitionAt: 27ms
getHoverAt: 23ms
getDiagnostics: 2ms
getHoverAt: 4ms
getHoverAt: 5ms
updating project structure from ...
getTemplateReferences: 0ms
updated: ng - 0ms
getHoverAt: 41ms
getDiagnostics: 2ms
updating project structure from ...
getTemplateReferences: 0ms
updated: ng - 0ms
getCompletions: 47ms
getDiagnostics: 32ms
updating project structure from ...
getTemplateReferences: 13ms
updated: ng - 0ms
getHoverAt: 3ms
getHoverAt: 3ms
getCompletions: 39ms
getDiagnostics: 28ms
updating project structure from ...
getTemplateReferences: 19ms
updated: ng - 0ms
getCompletions: 48ms
getDiagnostics: 34ms
getHoverAt: 26ms
updating project structure from ...
getTemplateReferences: 0ms
updated: ng - 0ms
getHoverAt: 11ms
getHoverAt: 0ms
getDefinitionAt: 0ms
getDefinitionAt: 0ms
getDefinitionAt: 0ms
getDefinitionAt: 0ms
getDefinitionAt: 4ms
getDiagnostics: 40ms
updating project structure from ...
getTemplateReferences: 21ms
updated: ng - 0ms
Search path: /angular/presupuestoApp/src/app
Config file name: /angular/presupuestoApp/tsconfig.json
getTemplateReferences: 0ms
getDiagnostics: 15ms
getHoverAt: 1ms
Search path: /angular/presupuestoApp/src/app/formulario
Config file name: /angular/presupuestoApp/tsconfig.json
getTemplateReferences: 0ms
getTemplateReferences: 0ms
getDiagnostics: 30ms
getHoverAt: 28ms
getHoverAt: 3ms
getHoverAt: 4ms
getHoverAt: 5ms
getHoverAt: 4ms
getHoverAt: 7ms
getHoverAt: 6ms
getHoverAt: 7ms
getHoverAt: 4ms
getHoverAt: 4ms
getHoverAt: 5ms
getHoverAt: 2ms
getHoverAt: 5ms
getHoverAt: 5ms
getDiagnostics: 34ms
updating project structure from ...
getTemplateReferences: 23ms
updated: ng - 0ms
getDiagnostics: 37ms
getDiagnostics: 52ms
getHoverAt: 5ms
getHoverAt: 3ms
updating project structure from ...
getTemplateReferences: 0ms
updated: ng - 0ms
getHoverAt: 3ms
getHoverAt: 4ms
getHoverAt: 6ms
getHoverAt: 9ms
getHoverAt: 5ms
getHoverAt: 6ms
getHoverAt: 6ms
getHoverAt: 6ms
getHoverAt: 6ms
getHoverAt: 7ms
getHoverAt: 7ms
getHoverAt: 4ms
getHoverAt: 14ms
getHoverAt: 4ms
getHoverAt: 12ms
getHoverAt: 1ms
getHoverAt: 0ms
getHoverAt: 8ms
getHoverAt: 7ms
getHoverAt: 3ms
getDiagnostics: 36ms
updating project structure from ...
getTemplateReferences: 19ms
updated: ng - 0ms
getHoverAt: 10ms
getHoverAt: 5ms
getHoverAt: 5ms
getHoverAt: 6ms
getHoverAt: 7ms
getHoverAt: 9ms
getDiagnostics: 28ms
getDiagnostics: 28ms
getDiagnostics: 13ms
getCompletions: 27ms
getDiagnostics: 19ms
updating project structure from ...
getTemplateReferences: 0ms
updated: ng - 17ms
getCompletions: 14ms
getCompletions: 17ms
getCompletions: 11ms
getDiagnostics: 52ms
getDiagnostics: 10ms
updating project structure from ...
getTemplateReferences: 0ms
updated: ng - 12ms
getHoverAt: 0ms
getHoverAt: 0ms
getHoverAt: 0ms
getDiagnostics: 398ms
getDiagnostics: 17ms
getHoverAt: 0ms
getDefinitionAt: 0ms
Search path: /angular/presupuestoApp/src/app
Config file name: /angular/presupuestoApp/tsconfig.json
getTemplateReferences: 0ms
updating project structure from ...
getTemplateReferences: 0ms
updated: ng - 50ms
getDiagnostics: 14ms
Search path: /angular/presupuestoApp/src/app/formulario
Config file name: /angular/presupuestoApp/tsconfig.json
getTemplateReferences: 0ms
getTemplateReferences: 0ms
getDiagnostics: 48ms
getHoverAt: 11ms
getHoverAt: 10ms
getHoverAt: 0ms
getHoverAt: 0ms
getHoverAt: 0ms
getDiagnostics: 44ms
updating project structure from ...
getTemplateReferences: 20ms
updated: ng - 0ms
getHoverAt: 1ms
Search path: /angular/presupuestoApp/src/app/formulario
Config file name: /angular/presupuestoApp/tsconfig.json
getTemplateReferences: 0ms
getDiagnostics: 25ms
getDefinitionAt: 33ms
getDefinitionAt: 10ms
getDefinitionAt: 14ms
getHoverAt: 23ms
getDefinitionAt: 10ms
getDefinitionAt: 14ms
getTemplateReferences: 0ms
Search path: /angular/presupuestoApp/node_modules/@angular/forms/src/directives
Config file name: /angular/presupuestoApp/tsconfig.json
getTemplateReferences: 0ms
getTemplateReferences: 0ms
getDiagnostics: 1ms
getDiagnostics: 816ms
updating project structure from ...
getTemplateReferences: 0ms
updated: ng - 0ms
getHoverAt: 0ms
getHoverAt: 0ms
getHoverAt: 0ms
getHoverAt: 0ms
getHoverAt: 0ms
getHoverAt: 0ms
Detected source file changes: /angular/presupuestoApp/src/app/ingreso.service.ts
Search path: /angular/presupuestoApp/src/app
Config file name: /angular/presupuestoApp/tsconfig.json
getTemplateReferences: 0ms
getDiagnostics: 1ms
Detected source file changes: /angular/presupuestoApp/src/app/gasto.service.ts
Search path: /angular/presupuestoApp/src/app
Config file name: /angular/presupuestoApp/tsconfig.json
getTemplateReferences: 1ms
getDiagnostics: 0ms
Search path: /angular/presupuestoApp/src/app
Config file name: /angular/presupuestoApp/tsconfig.json
getTemplateReferences: 0ms
getDiagnostics: 15ms
getDiagnostics: 69ms
updating project structure from ...
getTemplateReferences: 0ms
updated: ng - 43ms
getHoverAt: 0ms
getCompletions: 11ms
getDiagnostics: 52ms
getDiagnostics: 18ms
getCompletions: 10ms
getCompletions: 11ms
getCompletions: 13ms
getCompletions: 11ms
getCompletions: 10ms
getDiagnostics: 0ms
updating project structure from ...
getTemplateReferences: 0ms
updated: ng - 40ms
getHoverAt: 0ms
getCompletions: 53ms
getDiagnostics: 98ms
getHoverAt: 0ms
getHoverAt: 0ms
updating project structure from ...
getTemplateReferences: 0ms
updated: ng - 0ms
getDiagnostics: 40ms
updating project structure from ...
getTemplateReferences: 0ms
updated: ng - 35ms
getHoverAt: 1ms
getHoverAt: 1ms
getHoverAt: 0ms
Search path: /angular/presupuestoApp/src/app
Config file name: /angular/presupuestoApp/tsconfig.json
getTemplateReferences: 45ms
getDiagnostics: 6ms
getHoverAt: 0ms
getHoverAt: 0ms
getHoverAt: 0ms
getDiagnostics: 61ms
updating project structure from ...
getTemplateReferences: 0ms
updated: ng - 37ms
getHoverAt: 0ms
getHoverAt: 0ms
getDiagnostics: 87ms
getHoverAt: 0ms
updating project structure from ...
getTemplateReferences: 0ms
updated: ng - 0ms
getDiagnostics: 32ms
getHoverAt: 0ms
getHoverAt: 0ms
updating project structure from ...
getTemplateReferences: 21ms
updated: ng - 0ms
getHoverAt: 1ms
getCompletions: 50ms
getDiagnostics: 73ms
getDiagnostics: 87ms
updating project structure from ...
getTemplateReferences: 0ms
updated: ng - 0ms
getHoverAt: 0ms
getCompletions: 39ms
getDiagnostics: 14ms
updating project structure from ...
getTemplateReferences: 18ms
updated: ng - 0ms
getHoverAt: 0ms
getHoverAt: 1ms
getHoverAt: 1ms
getHoverAt: 0ms
getHoverAt: 0ms
getCompletions: 56ms
getCompletions: 12ms
getCompletions: 9ms
getDiagnostics: 41ms
getCompletions: 9ms
getDiagnostics: 16ms
getCompletions: 8ms
getCompletions: 10ms
getCompletions: 17ms
getCompletions: 8ms
getDiagnostics: 0ms
updating project structure from ...
getTemplateReferences: 0ms
updated: ng - 36ms
getCompletions: 7ms
getCompletions: 13ms
getCompletions: 13ms
getCompletions: 9ms
getCompletions: 9ms
getCompletions: 11ms
getDiagnostics: 42ms
updating project structure from ...
getTemplateReferences: 0ms
updated: ng - 0ms
getCompletions: 12ms
getCompletions: 10ms
getCompletions: 14ms
getCompletions: 10ms
getCompletions: 8ms
getCompletions: 13ms
getDiagnostics: 0ms
getDiagnostics: 12ms
updating project structure from ...
getTemplateReferences: 0ms
updated: ng - 39ms
getDiagnostics: 55ms
getDiagnostics: 20ms
getDiagnostics: 11ms
updating project structure from ...
getTemplateReferences: 0ms
updated: ng - 34ms
getCompletions: 10ms
getCompletions: 10ms
getCompletions: 9ms
getCompletions: 8ms
getCompletions: 8ms
getDiagnostics: 42ms
getCompletions: 8ms
getCompletions: 8ms
getCompletions: 8ms
getCompletions: 26ms
getDiagnostics: 13ms
updating project structure from ...
getTemplateReferences: 0ms
updated: ng - 33ms
getCompletions: 7ms
getDiagnostics: 46ms
getDiagnostics: 9ms
updating project structure from ...
getTemplateReferences: 0ms
updated: ng - 36ms
getDiagnostics: 51ms
updating project structure from ...
getTemplateReferences: 0ms
updated: ng - 0ms
getDiagnostics: 13ms
getDiagnostics: 19ms
updating project structure from ...
getTemplateReferences: 0ms
updated: ng - 39ms
getDiagnostics: 56ms
getCompletions: 13ms
getCompletions: 7ms
getCompletions: 9ms
getDiagnostics: 0ms
getCompletions: 8ms
getCompletions: 15ms
getCompletions: 11ms
getCompletions: 9ms
getCompletions: 6ms
getCompletions: 10ms
getCompletions: 7ms
getCompletions: 9ms
getCompletions: 19ms
getCompletions: 17ms
getCompletions: 8ms
getDiagnostics: 0ms
getCompletions: 8ms
getDiagnostics: 11ms
updating project structure from ...
getTemplateReferences: 0ms
updated: ng - 37ms
getCompletions: 12ms
getDiagnostics: 43ms
updating project structure from ...
getTemplateReferences: 0ms
updated: ng - 0ms
getCompletions: 10ms
getDiagnostics: 10ms
updating project structure from ...
getTemplateReferences: 0ms
updated: ng - 33ms
getDiagnostics: 52ms
updating project structure from ...
getTemplateReferences: 0ms
updated: ng - 0ms
getCompletions: 9ms
getCompletions: 9ms
getDiagnostics: 15ms
updating project structure from ...
getTemplateReferences: 0ms
updated: ng - 37ms
getDiagnostics: 47ms
updating project structure from ...
getTemplateReferences: 0ms
updated: ng - 0ms
getCompletions: 11ms
getDiagnostics: 13ms
getCompletions: 8ms
getDiagnostics: 0ms
updating project structure from ...
getTemplateReferences: 0ms
updated: ng - 31ms
getCompletions: 12ms
getDiagnostics: 40ms
getDiagnostics: 12ms
getCompletions: 8ms
getDiagnostics: 12ms
updating project structure from ...
getTemplateReferences: 0ms
updated: ng - 35ms
getDiagnostics: 83ms
getHoverAt: 0ms
updating project structure from ...
getTemplateReferences: 0ms
updated: ng - 0ms
getHoverAt: 0ms
getCompletions: 12ms
getCompletions: 10ms
getCompletions: 10ms
getCompletions: 11ms
getDiagnostics: 1ms
updating project structure from ...
getTemplateReferences: 0ms
updated: ng - 35ms
getCompletions: 12ms
getCompletions: 10ms
getDiagnostics: 43ms
updating project structure from ...
getTemplateReferences: 0ms
updated: ng - 0ms
getHoverAt: 0ms
getCompletions: 10ms
getDiagnostics: 20ms
getDefinitionAt: 0ms
getHoverAt: 0ms
updating project structure from ...
getTemplateReferences: 0ms
updated: ng - 32ms
getDefinitionAt: 0ms
getDefinitionAt: 0ms
getHoverAt: 11ms
getDiagnostics: 36ms
getHoverAt: 17ms
getDiagnostics: 0ms
updating project structure from ...
getTemplateReferences: 0ms
updated: ng - 46ms
getHoverAt: 0ms
getHoverAt: 0ms
getHoverAt: 12ms
getDiagnostics: 59ms
updating project structure from ...
getTemplateReferences: 0ms
updated: ng - 0ms
getHoverAt: 14ms
getDiagnostics: 0ms
updating project structure from ...
getTemplateReferences: 0ms
updated: ng - 38ms
getHoverAt: 0ms
getHoverAt: 17ms
getHoverAt: 0ms
getDiagnostics: 39ms
getHoverAt: 0ms
updating project structure from ...
getTemplateReferences: 0ms
updated: ng - 0ms
getDefinitionAt: 0ms
getHoverAt: 12ms
getHoverAt: 12ms
getHoverAt: 0ms
getDiagnostics: 0ms
updating project structure from ...
getTemplateReferences: 0ms
updated: ng - 27ms
getDiagnostics: 51ms
updating project structure from ...
getTemplateReferences: 0ms
updated: ng - 0ms
getDiagnostics: 11ms
updating project structure from ...
getTemplateReferences: 0ms
updated: ng - 42ms
getHoverAt: 0ms
getHoverAt: 0ms
getCompletions: 20ms
getHoverAt: 11ms
getDiagnostics: 43ms
getDiagnostics: 35ms
updating project structure from ...
getTemplateReferences: 19ms
updated: ng - 0ms
getHoverAt: 0ms
getHoverAt: 47ms
getDiagnostics: 21ms
getHoverAt: 1ms
getHoverAt: 0ms
updating project structure from ...
getTemplateReferences: 23ms
updated: ng - 0ms
getHoverAt: 0ms
getCompletions: 12ms
getDiagnostics: 27ms
getCompletions: 12ms
getCompletions: 10ms
getCompletions: 14ms
getDiagnostics: 51ms
updating project structure from ...
getTemplateReferences: 0ms
updated: ng - 0ms
getHoverAt: 0ms
getCompletions: 52ms
getDiagnostics: 59ms
updating project structure from ...
getTemplateReferences: 21ms
updated: ng - 0ms
getHoverAt: 0ms
getHoverAt: 0ms
getHoverAt: 1ms
getHoverAt: 0ms
getHoverAt: 0ms
getHoverAt: 1ms
getHoverAt: 0ms
getDiagnostics: 37ms
updating project structure from ...
getTemplateReferences: 25ms
updated: ng - 0ms
getDiagnostics: 42ms
updating project structure from ...
getTemplateReferences: 26ms
updated: ng - 0ms
getHoverAt: 1ms
getHoverAt: 0ms
getDiagnostics: 38ms
updating project structure from ...
getTemplateReferences: 24ms
updated: ng - 0ms
getDiagnostics: 36ms
updating project structure from ...
getTemplateReferences: 23ms
updated: ng - 0ms
getDiagnostics: 30ms
updating project structure from ...
getTemplateReferences: 22ms
updated: ng - 0ms
getHoverAt: 0ms
getHoverAt: 1ms
getCompletions: 11ms
getDiagnostics: 30ms
getHoverAt: 0ms
updating project structure from ...
getTemplateReferences: 19ms
updated: ng - 0ms
getHoverAt: 0ms
getDiagnostics: 31ms
updating project structure from ...
getTemplateReferences: 20ms
updated: ng - 0ms
getCompletions: 19ms
getCompletions: 10ms
getDiagnostics: 21ms
updating project structure from ...
getTemplateReferences: 26ms
updated: ng - 0ms
getCompletions: 26ms
getDiagnostics: 37ms
getCompletions: 12ms
getCompletions: 16ms
getDiagnostics: 48ms
getDiagnostics: 31ms
getDiagnostics: 67ms
getCompletions: 12ms
getCompletions: 13ms
getCompletions: 18ms
getCompletions: 11ms
getCompletions: 11ms
getDiagnostics: 22ms
getCompletions: 11ms
getDiagnostics: 55ms
getDiagnostics: 32ms
updating project structure from ...
getTemplateReferences: 21ms
updated: ng - 0ms
getHoverAt: 0ms
getCompletions: 10ms
getDiagnostics: 40ms
getDiagnostics: 46ms
getHoverAt: 1ms
updating project structure from ...
getTemplateReferences: 0ms
updated: ng - 0ms
getHoverAt: 1ms
getCompletions: 22ms
getDiagnostics: 15ms
getCompletions: 12ms
getDiagnostics: 61ms
getHoverAt: 0ms
updating project structure from ...
getTemplateReferences: 0ms
updated: ng - 0ms
getHoverAt: 0ms
getHoverAt: 0ms
getHoverAt: 0ms
getHoverAt: 0ms
getDiagnostics: 96ms
getHoverAt: 0ms
updating project structure from ...
getTemplateReferences: 22ms
updated: ng - 0ms
getHoverAt: 50ms
getDiagnostics: 56ms
getDefinitionAt: 41ms
getHoverAt: 0ms
getDiagnostics: 12ms
updating project structure from ...
/angular/presupuestoApp/node_modules/@angular/language-service/bundles/language-service.umd.js:18605
                throw syntaxError(dirType.name + " cannot be used as an entry component.");
                ^

Error: AppComponent cannot be used as an entry component.
    at syntaxError (/angular/presupuestoApp/node_modules/@angular/language-service/bundles/language-service.umd.js:2462:21)
    at CompileMetadataResolver._getEntryComponentMetadata (/angular/presupuestoApp/node_modules/@angular/language-service/bundles/language-service.umd.js:18605:23)
    at /angular/presupuestoApp/node_modules/@angular/language-service/bundles/language-service.umd.js:18256:121
    at Array.map (<anonymous>)
    at CompileMetadataResolver.getNgModuleMetadata (/angular/presupuestoApp/node_modules/@angular/language-service/bundles/language-service.umd.js:18256:86)
    at /angular/presupuestoApp/node_modules/@angular/language-service/bundles/language-service.umd.js:21271:57
    at Array.forEach (<anonymous>)
    at analyzeFile (/angular/presupuestoApp/node_modules/@angular/language-service/bundles/language-service.umd.js:21254:57)
    at visitFile (/angular/presupuestoApp/node_modules/@angular/language-service/bundles/language-service.umd.js:21232:32)
    at /angular/presupuestoApp/node_modules/@angular/language-service/bundles/language-service.umd.js:21238:56
[Info  - 12:58:18] Connection to server got closed. Server will restart.
Search path: /angular/presupuestoApp/src/app/formulario
Config file name: /angular/presupuestoApp/tsconfig.json
Angular Language Service: 7.2.4
TypeScript: 3.1.6
getTemplateReferences: 1198ms
Add recursive watcher for: /angular/presupuestoApp
Opened configuration file /angular/presupuestoApp/tsconfig.json
getTemplateReferences: 0ms
Search path: /angular/presupuestoApp/src/app/formulario
Config file name: /angular/presupuestoApp/tsconfig.json
getTemplateReferences: 0ms
Search path: /angular/presupuestoApp/src/app
Config file name: /angular/presupuestoApp/tsconfig.json
getTemplateReferences: 0ms
Search path: /angular/presupuestoApp/src/app
Config file name: /angular/presupuestoApp/tsconfig.json
getTemplateReferences: 0ms
Search path: /angular/presupuestoApp/src/app
Config file name: /angular/presupuestoApp/tsconfig.json
getTemplateReferences: 0ms
getHoverAt: 0ms
getDiagnostics: 32ms
getCompletions: 75ms
getDiagnostics: 69ms
getCompletions: 11ms
getDiagnostics: 22ms
getCompletions: 15ms
getDiagnostics: 58ms
updating project structure from ...
getTemplateReferences: 0ms
updated: ng - 0ms
getCompletions: 19ms
getDiagnostics: 40ms
getCompletions: 16ms
getCompletions: 15ms
getCompletions: 29ms
getCompletions: 19ms
getCompletions: 10ms
getCompletions: 12ms
getCompletions: 10ms
getDiagnostics: 62ms
updating project structure from ...
getTemplateReferences: 0ms
updated: ng - 1ms
getDiagnostics: 29ms
updating project structure from ...
getTemplateReferences: 22ms
updated: ng - 0ms
getHoverAt: 0ms
getDiagnostics: 44ms
updating project structure from ...
getTemplateReferences: 28ms
updated: ng - 0ms
getCompletions: 12ms
getCompletions: 18ms
getDiagnostics: 37ms
updating project structure from ...
getTemplateReferences: 28ms
updated: ng - 0ms
getDiagnostics: 44ms
updating project structure from ...
getTemplateReferences: 30ms
updated: ng - 0ms
getHoverAt: 1ms
getHoverAt: 0ms
getHoverAt: 1ms
getDiagnostics: 43ms
updating project structure from ...
getTemplateReferences: 21ms
updated: ng - 0ms
getCompletions: 24ms
getDiagnostics: 38ms
getDiagnostics: 50ms
getCompletions: 17ms
getDiagnostics: 28ms
getCompletions: 11ms
getCompletions: 12ms
getCompletions: 10ms
getCompletions: 8ms
getCompletions: 14ms
getCompletions: 10ms
getCompletions: 19ms
getDiagnostics: 50ms
getDiagnostics: 32ms
updating project structure from ...
getTemplateReferences: 22ms
updated: ng - 0ms
getCompletions: 25ms
getDiagnostics: 30ms
getDiagnostics: 40ms
getDiagnostics: 32ms
getDiagnostics: 43ms
updating project structure from ...
getTemplateReferences: 0ms
updated: ng - 0ms
getDiagnostics: 20ms
updating project structure from ...
getTemplateReferences: 17ms
updated: ng - 0ms
getDiagnostics: 31ms
updating project structure from ...
getTemplateReferences: 20ms
updated: ng - 0ms
getHoverAt: 0ms
getHoverAt: 0ms
getHoverAt: 0ms
getHoverAt: 0ms
getDiagnostics: 32ms
updating project structure from ...
getTemplateReferences: 22ms
updated: ng - 0ms
getHoverAt: 1ms
getHoverAt: 0ms
getCompletions: 9ms
getDiagnostics: 34ms
getDiagnostics: 46ms
updating project structure from ...
getTemplateReferences: 0ms
updated: ng - 0ms
getHoverAt: 1ms
getDiagnostics: 33ms
getCompletions: 8ms
getDiagnostics: 38ms
updating project structure from ...
getTemplateReferences: 0ms
updated: ng - 0ms
getDiagnostics: 30ms
getHoverAt: 0ms
updating project structure from ...
getTemplateReferences: 23ms
updated: ng - 0ms
getHoverAt: 12ms
getHoverAt: 1ms
getDiagnostics: 30ms
updating project structure from ...
getTemplateReferences: 26ms
updated: ng - 0ms
getDefinitionAt: 10ms
getDiagnostics: 28ms
getHoverAt: 1ms
getCompletions: 9ms
getDiagnostics: 60ms
updating project structure from ...
getTemplateReferences: 0ms
updated: ng - 0ms
getHoverAt: 0ms
getHoverAt: 0ms
getDiagnostics: 24ms
updating project structure from ...
getTemplateReferences: 22ms
updated: ng - 0ms
getHoverAt: 0ms
getCompletions: 12ms
getDiagnostics: 28ms
updating project structure from ...
getTemplateReferences: 23ms
updated: ng - 0ms
getHoverAt: 1ms
getHoverAt: 0ms
getHoverAt: 0ms
getHoverAt: 0ms
getHoverAt: 0ms
getHoverAt: 0ms
Search path: /angular/presupuestoApp/src/app
Config file name: /angular/presupuestoApp/tsconfig.json
getTemplateReferences: 0ms
getTemplateReferences: 0ms
getDiagnostics: 80ms
getDiagnostics: 74ms
updating project structure from ...
getTemplateReferences: 0ms
getTemplateReferences: 0ms
updated: ng - 0ms
getCompletions: 37ms
getDiagnostics: 49ms
updating project structure from ...
getTemplateReferences: 0ms
getTemplateReferences: 0ms
updated: ng - 0ms
getDiagnostics: 44ms
getDiagnostics: 51ms
updating project structure from ...
getTemplateReferences: 0ms
getTemplateReferences: 0ms
updated: ng - 0ms
getCompletions: 38ms
getDiagnostics: 45ms
updating project structure from ...
getTemplateReferences: 0ms
getTemplateReferences: 0ms
updated: ng - 0ms
getDiagnostics: 47ms
updating project structure from ...
getTemplateReferences: 0ms
getTemplateReferences: 0ms
updated: ng - 0ms
getDiagnostics: 65ms
updating project structure from ...
getTemplateReferences: 0ms
getTemplateReferences: 0ms
updated: ng - 0ms
getCompletions: 31ms
getCompletions: 75ms
getDiagnostics: 46ms
updating project structure from ...
getTemplateReferences: 0ms
getTemplateReferences: 0ms
updated: ng - 0ms
getDiagnostics: 59ms
updating project structure from ...
getTemplateReferences: 0ms
getTemplateReferences: 0ms
updated: ng - 0ms
getDiagnostics: 56ms
updating project structure from ...
getTemplateReferences: 0ms
getTemplateReferences: 0ms
updated: ng - 0ms
getCompletions: 36ms
getDiagnostics: 64ms
updating project structure from ...
getTemplateReferences: 0ms
getTemplateReferences: 0ms
updated: ng - 0ms
getHoverAt: 35ms
getHoverAt: 25ms
getDiagnostics: 10ms
getDiagnostics: 42ms
getHoverAt: 59ms
getDiagnostics: 4ms
getDiagnostics: 20ms
getHoverAt: 26ms
updating project structure from ...
getTemplateReferences: 0ms
getTemplateReferences: 0ms
updated: ng - 0ms
getDiagnostics: 39ms
updating project structure from ...
getTemplateReferences: 18ms
getTemplateReferences: 0ms
updated: ng - 0ms
getCompletions: 51ms
getCompletions: 56ms
getCompletions: 57ms
getCompletions: 76ms
getCompletions: 57ms
getDiagnostics: 3ms
getCompletions: 45ms
getDiagnostics: 62ms
getCompletions: 67ms
getDiagnostics: 57ms
updating project structure from ...
getTemplateReferences: 0ms
getTemplateReferences: 0ms
updated: ng - 0ms
getDiagnostics: 54ms
updating project structure from ...
getTemplateReferences: 0ms
getTemplateReferences: 0ms
updated: ng - 0ms
getCompletions: 58ms
getDiagnostics: 37ms
updating project structure from ...
getTemplateReferences: 17ms
getTemplateReferences: 0ms
updated: ng - 0ms
getCompletions: 50ms
getDiagnostics: 48ms
getDiagnostics: 37ms
getCompletions: 55ms
getDiagnostics: 45ms
getDiagnostics: 61ms
updating project structure from ...
getTemplateReferences: 0ms
getTemplateReferences: 0ms
updated: ng - 0ms
getDiagnostics: 63ms
updating project structure from ...
getTemplateReferences: 0ms
getTemplateReferences: 0ms
updated: ng - 0ms
getCompletions: 37ms
getDiagnostics: 24ms
updating project structure from ...
getTemplateReferences: 0ms
getTemplateReferences: 0ms
updated: ng - 0ms
getHoverAt: 14ms
getDiagnostics: 60ms
updating project structure from ...
getTemplateReferences: 0ms
getTemplateReferences: 0ms
updated: ng - 0ms
getHoverAt: 5ms
getCompletions: 50ms
getDiagnostics: 5ms
updating project structure from ...
getTemplateReferences: 0ms
getTemplateReferences: 0ms
updated: ng - 0ms
getHoverAt: 3ms
getCompletions: 37ms
getCompletions: 48ms
getCompletions: 24ms
getDiagnostics: 25ms
updating project structure from ...
getTemplateReferences: 0ms
getTemplateReferences: 0ms
updated: ng - 0ms
getDiagnostics: 31ms
getCompletions: 48ms
getDiagnostics: 31ms
updating project structure from ...
getTemplateReferences: 21ms
getTemplateReferences: 0ms
updated: ng - 0ms
getDiagnostics: 41ms
getCompletions: 61ms
getDiagnostics: 28ms
getDiagnostics: 46ms
updating project structure from ...
getTemplateReferences: 0ms
getTemplateReferences: 0ms
updated: ng - 0ms
getDiagnostics: 21ms
updating project structure from ...
getTemplateReferences: 16ms
getTemplateReferences: 0ms
updated: ng - 0ms
getHoverAt: 7ms
getHoverAt: 3ms
getHoverAt: 38ms
getHoverAt: 22ms
getDiagnostics: 35ms
updating project structure from ...
getTemplateReferences: 16ms
getTemplateReferences: 0ms
updated: ng - 0ms
getDiagnostics: 43ms
getDiagnostics: 73ms
updating project structure from ...
getTemplateReferences: 0ms
getTemplateReferences: 0ms
updated: ng - 0ms
getDefinitionAt: 3ms
getDefinitionAt: 50ms
getTemplateReferences: 0ms
Search path: /angular/presupuestoApp/src/app/ingresos
Config file name: /angular/presupuestoApp/tsconfig.json
getTemplateReferences: 0ms
getHoverAt: 50ms
getHoverAt: 7ms
getHoverAt: 12ms
getDiagnostics: 5ms
getHoverAt: 8ms
updating project structure from ...
getTemplateReferences: 0ms
getTemplateReferences: 0ms
updated: ng - 0ms
getCompletions: 36ms
getDiagnostics: 50ms
updating project structure from ...
getTemplateReferences: 0ms
getTemplateReferences: 0ms
updated: ng - 0ms
getDefinitionAt: 9ms
getTemplateReferences: 0ms
Search path: /angular/presupuestoApp/src/app/gastos
Config file name: /angular/presupuestoApp/tsconfig.json
getTemplateReferences: 0ms
getDiagnostics: 22ms
getDefinitionAt: 35ms
getDefinitionAt: 71ms
Search path: /angular/presupuestoApp/src/app/gastos
Config file name: /angular/presupuestoApp/tsconfig.json
getTemplateReferences: 0ms
getHoverAt: 53ms
getDiagnostics: 1ms
updating project structure from ...
getTemplateReferences: 0ms
getTemplateReferences: 0ms
updated: ng - 0ms
getHoverAt: 8ms
getHoverAt: 14ms
getHoverAt: 6ms
getDiagnostics: 32ms
updating project structure from ...
getTemplateReferences: 19ms
getTemplateReferences: 0ms
updated: ng - 0ms
getDefinitionAt: 12ms
getHoverAt: 7ms
getDefinitionAt: 5ms
getDefinitionAt: 8ms
getHoverAt: 3ms
getDefinitionAt: 7ms
getDefinitionAt: 11ms
getDefinitionAt: 55ms
getDefinitionAt: 3ms
getDefinitionAt: 5ms
getHoverAt: 7ms
getDiagnostics: 4ms
getDefinitionAt: 5ms
getDefinitionAt: 35ms
getHoverAt: 27ms
getDiagnostics: 39ms
updating project structure from ...
getTemplateReferences: 18ms
getTemplateReferences: 0ms
updated: ng - 0ms
[Info  - 13:08:13] /angular/presupuestoApp/src/app/gastos/gastos.component.spec.ts deleted
getTemplateReferences: 0ms
getTemplateReferences: 0ms
Detected source file changes: /angular/presupuestoApp/src/app/gastos/gastos.component.spec.ts
getDiagnostics: 27ms
Search path: /angular/presupuestoApp/src/app/gastos
Config file name: /angular/presupuestoApp/tsconfig.json
getTemplateReferences: 44ms
getDiagnostics: 4ms
getHoverAt: 0ms
getDiagnostics: 34ms
getDiagnostics: 57ms
updating project structure from ...
getTemplateReferences: 0ms
getTemplateReferences: 0ms
updated: ng - 0ms
getDiagnostics: 26ms
getDiagnostics: 49ms
updating project structure from ...
getTemplateReferences: 0ms
getTemplateReferences: 0ms
updated: ng - 0ms
getCompletions: 10ms
getDiagnostics: 33ms
updating project structure from ...
getTemplateReferences: 20ms
getTemplateReferences: 0ms
updated: ng - 0ms
getCompletions: 15ms
getDiagnostics: 29ms
updating project structure from ...
getTemplateReferences: 28ms
getTemplateReferences: 0ms
updated: ng - 0ms
getCompletions: 10ms
getDiagnostics: 25ms
getDiagnostics: 45ms
getDiagnostics: 24ms
updating project structure from ...
getTemplateReferences: 14ms
getTemplateReferences: 0ms
updated: ng - 0ms
getHoverAt: 0ms
getHoverAt: 1ms
getHoverAt: 12ms
getDiagnostics: 27ms
updating project structure from ...
getTemplateReferences: 21ms
getTemplateReferences: 0ms
updated: ng - 0ms
Search path: /angular/presupuestoApp/src/app/ingresos
Config file name: /angular/presupuestoApp/tsconfig.json
getTemplateReferences: 0ms
getDiagnostics: 21ms
[Info  - 13:08:56] /angular/presupuestoApp/src/app/ingresos/ingresos.component.spec.ts deleted
getTemplateReferences: 18ms
getTemplateReferences: 0ms
Detected source file changes: /angular/presupuestoApp/src/app/ingresos/ingresos.component.spec.ts
getHoverAt: 0ms
getDiagnostics: 29ms
updating project structure from ...
getTemplateReferences: 21ms
getTemplateReferences: 0ms
updated: ng - 0ms
getHoverAt: 0ms
getHoverAt: 0ms
getCompletions: 13ms
getDiagnostics: 27ms
getHoverAt: 0ms
updating project structure from ...
getTemplateReferences: 23ms
getTemplateReferences: 2ms
updated: ng - 0ms
getHoverAt: 0ms
getDiagnostics: 52ms
updating project structure from ...
getTemplateReferences: 22ms
getTemplateReferences: 0ms
updated: ng - 0ms
getHoverAt: 1ms
Search path: /angular/presupuestoApp/src/app/gastos
Config file name: /angular/presupuestoApp/tsconfig.json
getTemplateReferences: 0ms
getDiagnostics: 33ms
Search path: /angular/presupuestoApp/src/app/ingresos
Config file name: /angular/presupuestoApp/tsconfig.json
getTemplateReferences: 38ms
getDiagnostics: 3ms
Search path: /angular/presupuestoApp/src/app/ingresos
Config file name: /angular/presupuestoApp/tsconfig.json
getTemplateReferences: 0ms
getTemplateReferences: 0ms
getDiagnostics: 42ms
Search path: /angular/presupuestoApp/src/app
Config file name: /angular/presupuestoApp/tsconfig.json
getTemplateReferences: 0ms
getTemplateReferences: 0ms
getDiagnostics: 32ms
getDiagnostics: 71ms
updating project structure from ...
getTemplateReferences: 0ms
getTemplateReferences: 0ms
getTemplateReferences: 0ms
updated: ng - 0ms
getHoverAt: 9ms
getHoverAt: 5ms
getHoverAt: 7ms
getHoverAt: 14ms
getDiagnostics: 34ms
updating project structure from ...
getTemplateReferences: 23ms
getTemplateReferences: 0ms
getTemplateReferences: 0ms
updated: ng - 0ms
Search path: /angular/presupuestoApp/src/app
Config file name: /angular/presupuestoApp/tsconfig.json
getTemplateReferences: 0ms
getTemplateReferences: 0ms
getDiagnostics: 39ms
getDiagnostics: 58ms
updating project structure from ...
getTemplateReferences: 0ms
getTemplateReferences: 0ms
getTemplateReferences: 0ms
updated: ng - 0ms
getDiagnostics: 32ms
getDiagnostics: 64ms
updating project structure from ...
getTemplateReferences: 0ms
getTemplateReferences: 0ms
getTemplateReferences: 0ms
updated: ng - 0ms
getHoverAt: 17ms
getHoverAt: 9ms
getDefinitionAt: 0ms
getDefinitionAt: 1ms
getHoverAt: 12ms
getHoverAt: 8ms
getHoverAt: 6ms
getHoverAt: 17ms
getDefinitionAt: 8ms
getHoverAt: 8ms
getDefinitionAt: 4ms
getHoverAt: 0ms
getHoverAt: 0ms
getHoverAt: 0ms
getHoverAt: 1ms
getCompletions: 17ms
getDiagnostics: 34ms
updating project structure from ...
getTemplateReferences: 21ms
getTemplateReferences: 0ms
getTemplateReferences: 0ms
updated: ng - 0ms
Search path: /angular/presupuestoApp/src/app/ingresos
Config file name: /angular/presupuestoApp/tsconfig.json
getTemplateReferences: 0ms
getDiagnostics: 35ms
getHoverAt: 0ms
getHoverAt: 0ms
getHoverAt: 0ms
getCompletions: 57ms
getDiagnostics: 53ms
Search path: /angular/presupuestoApp/src/app/gastos
Config file name: /angular/presupuestoApp/tsconfig.json
getTemplateReferences: 0ms
updating project structure from ...
getTemplateReferences: 0ms
getTemplateReferences: 0ms
getTemplateReferences: 0ms
updated: ng - 34ms
getDiagnostics: 8ms
Search path: /angular/presupuestoApp/src/app
Config file name: /angular/presupuestoApp/tsconfig.json
getTemplateReferences: 0ms
getTemplateReferences: 0ms
getDiagnostics: 49ms
getHoverAt: 15ms
getHoverAt: 9ms
getDiagnostics: 73ms
getDefinitionAt: 58ms
getDefinitionAt: 37ms
getDefinitionAt: 11ms
getHoverAt: 18ms
getDiagnostics: 21ms
updating project structure from ...
getTemplateReferences: 0ms
getTemplateReferences: 0ms
getTemplateReferences: 0ms
updated: ng - 0ms
getHoverAt: 11ms
getHoverAt: 17ms
getDefinitionAt: 7ms
getHoverAt: 16ms
getDefinitionAt: 9ms
getHoverAt: 9ms
getHoverAt: 14ms
getHoverAt: 7ms
getHoverAt: 11ms
Search path: /angular/presupuestoApp/src/app
Config file name: /angular/presupuestoApp/tsconfig.json
getTemplateReferences: 0ms
getTemplateReferences: 0ms
getDiagnostics: 59ms
getHoverAt: 16ms
getHoverAt: 16ms
getDiagnostics: 63ms
updating project structure from ...
getTemplateReferences: 0ms
getTemplateReferences: 0ms
getTemplateReferences: 0ms
updated: ng - 0ms
getHoverAt: 5ms
getHoverAt: 13ms
getHoverAt: 10ms
getHoverAt: 9ms
getHoverAt: 12ms
getHoverAt: 11ms
getHoverAt: 7ms
getHoverAt: 12ms
getHoverAt: 13ms
getHoverAt: 8ms
getHoverAt: 12ms
getHoverAt: 6ms
getHoverAt: 12ms
getHoverAt: 19ms
getHoverAt: 0ms
getHoverAt: 0ms
getHoverAt: 0ms
getHoverAt: 20ms
getHoverAt: 10ms
getHoverAt: 7ms
getHoverAt: 15ms
getHoverAt: 15ms
getHoverAt: 8ms
Search path: /angular/presupuestoApp/src/app
Config file name: /angular/presupuestoApp/tsconfig.json
getTemplateReferences: 0ms
getDiagnostics: 36ms
getHoverAt: 1ms
getDefinitionAt: 0ms
getHoverAt: 0ms
Search path: /angular/presupuestoApp/src/app/formulario
Config file name: /angular/presupuestoApp/tsconfig.json
getTemplateReferences: 43ms
getDefinitionAt: 0ms
getDiagnostics: 6ms
getDiagnostics: 71ms
updating project structure from ...
getTemplateReferences: 0ms
getTemplateReferences: 0ms
getTemplateReferences: 0ms
updated: ng - 0ms
getHoverAt: 10ms
getHoverAt: 14ms
getHoverAt: 8ms
getHoverAt: 8ms
getHoverAt: 6ms
getHoverAt: 8ms
getHoverAt: 12ms
getHoverAt: 8ms
getHoverAt: 9ms
getHoverAt: 5ms
getHoverAt: 11ms
getHoverAt: 8ms
getHoverAt: 20ms
getHoverAt: 9ms
getHoverAt: 18ms
getHoverAt: 9ms
getHoverAt: 14ms
getHoverAt: 6ms
getHoverAt: 8ms
getHoverAt: 8ms
getHoverAt: 7ms
getHoverAt: 9ms
getDiagnostics: 73ms
updating project structure from ...
getTemplateReferences: 0ms
getTemplateReferences: 0ms
getTemplateReferences: 0ms
updated: ng - 0ms
getHoverAt: 13ms
getHoverAt: 4ms
getHoverAt: 8ms
getDiagnostics: 67ms
getHoverAt: 5ms
getHoverAt: 14ms
updating project structure from ...
getTemplateReferences: 0ms
getTemplateReferences: 0ms
getTemplateReferences: 0ms
updated: ng - 0ms
getHoverAt: 10ms
getHoverAt: 7ms
getHoverAt: 6ms
getHoverAt: 5ms
getHoverAt: 7ms
getHoverAt: 6ms
getHoverAt: 6ms
getHoverAt: 6ms
getHoverAt: 6ms
getHoverAt: 3ms
getHoverAt: 5ms
getHoverAt: 7ms
getHoverAt: 6ms
getHoverAt: 4ms
getHoverAt: 5ms
getHoverAt: 5ms
getHoverAt: 7ms
getHoverAt: 5ms
getHoverAt: 5ms
getHoverAt: 5ms
getDiagnostics: 52ms
updating project structure from ...
getTemplateReferences: 0ms
getTemplateReferences: 0ms
getTemplateReferences: 0ms
updated: ng - 0ms
getCompletions: 41ms
getCompletions: 44ms
getDiagnostics: 7ms
getCompletions: 28ms
getDiagnostics: 26ms
getDiagnostics: 37ms
updating project structure from ...
getTemplateReferences: 17ms
getTemplateReferences: 0ms
getTemplateReferences: 0ms
updated: ng - 0ms
getHoverAt: 9ms
getHoverAt: 42ms
getDiagnostics: 19ms
getDiagnostics: 61ms
getDiagnostics: 47ms
updating project structure from ...
getTemplateReferences: 0ms
getTemplateReferences: 0ms
getTemplateReferences: 0ms
updated: ng - 0ms
getDiagnostics: 52ms
updating project structure from ...
getTemplateReferences: 0ms
getTemplateReferences: 0ms
getTemplateReferences: 0ms
updated: ng - 0ms
getCompletions: 34ms
getDiagnostics: 49ms
updating project structure from ...
getTemplateReferences: 0ms
getTemplateReferences: 0ms
getTemplateReferences: 0ms
updated: ng - 0ms
getDiagnostics: 43ms
updating project structure from ...
getTemplateReferences: 0ms
getTemplateReferences: 0ms
getTemplateReferences: 0ms
updated: ng - 0ms
getHoverAt: 4ms
getDiagnostics: 50ms
updating project structure from ...
getTemplateReferences: 0ms
getTemplateReferences: 0ms
getTemplateReferences: 0ms
updated: ng - 0ms
getHoverAt: 5ms
getDiagnostics: 61ms
getCompletions: 52ms
getDiagnostics: 59ms
updating project structure from ...
getTemplateReferences: 0ms
getTemplateReferences: 0ms
getTemplateReferences: 0ms
updated: ng - 0ms
getDiagnostics: 35ms
updating project structure from ...
getTemplateReferences: 17ms
getTemplateReferences: 0ms
getTemplateReferences: 0ms
updated: ng - 0ms
getDefinitionAt: 0ms
getDefinitionAt: 0ms
getDefinitionAt: 0ms
getHoverAt: 10ms
getHoverAt: 16ms
getDefinitionAt: 56ms
getDefinitionAt: 6ms
getDiagnostics: 14ms
updating project structure from ...
getTemplateReferences: 0ms
getTemplateReferences: 0ms
getTemplateReferences: 0ms
updated: ng - 0ms
getHoverAt: 4ms
getDiagnostics: 55ms
updating project structure from ...
getTemplateReferences: 0ms
getTemplateReferences: 0ms
getTemplateReferences: 0ms
updated: ng - 0ms
getDiagnostics: 55ms
getHoverAt: 12ms
updating project structure from ...
getTemplateReferences: 0ms
getTemplateReferences: 0ms
getTemplateReferences: 0ms
updated: ng - 0ms
getHoverAt: 7ms
getHoverAt: 7ms
getHoverAt: 7ms
getHoverAt: 8ms
getHoverAt: 7ms
getHoverAt: 12ms
getHoverAt: 14ms
getHoverAt: 13ms
getHoverAt: 4ms
getHoverAt: 6ms
getHoverAt: 35ms
getDiagnostics: 32ms
updating project structure from ...
getTemplateReferences: 0ms
getTemplateReferences: 0ms
getTemplateReferences: 0ms
updated: ng - 0ms
getDiagnostics: 50ms
getHoverAt: 4ms
updating project structure from ...
getTemplateReferences: 0ms
getTemplateReferences: 0ms
getTemplateReferences: 0ms
updated: ng - 0ms
getHoverAt: 8ms
getHoverAt: 4ms
getHoverAt: 4ms
getHoverAt: 11ms
getDiagnostics: 64ms
updating project structure from ...
getTemplateReferences: 0ms
getTemplateReferences: 0ms
getTemplateReferences: 0ms
updated: ng - 1ms
getCompletions: 34ms
getDiagnostics: 53ms
updating project structure from ...
getTemplateReferences: 0ms
getTemplateReferences: 0ms
getTemplateReferences: 0ms
updated: ng - 0ms
getDiagnostics: 46ms
updating project structure from ...
getTemplateReferences: 25ms
getTemplateReferences: 0ms
getTemplateReferences: 0ms
updated: ng - 0ms
getHoverAt: 18ms
getHoverAt: 12ms
getHoverAt: 13ms
getHoverAt: 18ms
getHoverAt: 15ms
getHoverAt: 10ms
getHoverAt: 12ms
getHoverAt: 15ms
getHoverAt: 12ms
getHoverAt: 19ms
getHoverAt: 15ms
getHoverAt: 23ms
getHoverAt: 0ms
getDiagnostics: 46ms
getDiagnostics: 67ms
getCompletions: 13ms
getDiagnostics: 20ms
getDiagnostics: 52ms
updating project structure from ...
getTemplateReferences: 0ms
getTemplateReferences: 0ms
getTemplateReferences: 0ms
updated: ng - 0ms
getCompletions: 31ms
getDiagnostics: 30ms
getCompletions: 14ms
getCompletions: 9ms
getCompletions: 18ms
getCompletions: 9ms
getDiagnostics: 48ms
updating project structure from ...
getTemplateReferences: 0ms
getTemplateReferences: 0ms
getTemplateReferences: 0ms
updated: ng - 0ms
getCompletions: 17ms
getDiagnostics: 30ms
getDiagnostics: 53ms
updating project structure from ...
getTemplateReferences: 0ms
getTemplateReferences: 0ms
getTemplateReferences: 0ms
updated: ng - 0ms
getDiagnostics: 22ms
updating project structure from ...
getTemplateReferences: 18ms
getTemplateReferences: 0ms
getTemplateReferences: 0ms
updated: ng - 0ms
getHoverAt: 0ms
getDiagnostics: 33ms
updating project structure from ...
getTemplateReferences: 23ms
getTemplateReferences: 0ms
getTemplateReferences: 0ms
updated: ng - 0ms
getHoverAt: 18ms
getHoverAt: 11ms
getHoverAt: 20ms
getHoverAt: 12ms
getHoverAt: 5ms
getHoverAt: 17ms
getCompletions: 67ms
getDiagnostics: 73ms
getDiagnostics: 33ms
getDiagnostics: 78ms
updating project structure from ...
getTemplateReferences: 0ms
getTemplateReferences: 0ms
getTemplateReferences: 0ms
updated: ng - 0ms
getDiagnostics: 29ms
updating project structure from ...
getTemplateReferences: 20ms
getTemplateReferences: 0ms
getTemplateReferences: 0ms
updated: ng - 0ms
getDiagnostics: 44ms
updating project structure from ...
getTemplateReferences: 22ms
getTemplateReferences: 0ms
getTemplateReferences: 0ms
updated: ng - 0ms
getDiagnostics: 45ms
updating project structure from ...
getTemplateReferences: 20ms
getTemplateReferences: 0ms
getTemplateReferences: 0ms
updated: ng - 0ms
getCompletions: 45ms
getDiagnostics: 64ms
getDiagnostics: 27ms
updating project structure from ...
getTemplateReferences: 20ms
getTemplateReferences: 0ms
getTemplateReferences: 0ms
updated: ng - 0ms
getHoverAt: 10ms
getDefinitionAt: 16ms
getHoverAt: 15ms
getDefinitionAt: 13ms
getDefinitionAt: 7ms
getDiagnostics: 39ms
getCompletions: 14ms
getDiagnostics: 52ms
updating project structure from ...
getTemplateReferences: 0ms
getTemplateReferences: 0ms
getTemplateReferences: 0ms
updated: ng - 0ms
getHoverAt: 18ms
getHoverAt: 7ms
getHoverAt: 9ms
getHoverAt: 10ms
getHoverAt: 12ms
getHoverAt: 13ms
getHoverAt: 14ms
getHoverAt: 11ms
getHoverAt: 12ms
getCompletions: 56ms
getDiagnostics: 39ms
getHoverAt: 26ms
updating project structure from ...
getTemplateReferences: 0ms
getTemplateReferences: 0ms
getTemplateReferences: 0ms
updated: ng - 0ms
getDiagnostics: 36ms
updating project structure from ...
getTemplateReferences: 20ms
getTemplateReferences: 0ms
getTemplateReferences: 0ms
updated: ng - 0ms
getHoverAt: 17ms
getHoverAt: 18ms
getHoverAt: 14ms
getCompletions: 58ms
getCompletions: 58ms
getCompletions: 50ms
getCompletions: 66ms
getCompletions: 64ms
getCompletions: 70ms
getCompletions: 71ms
getCompletions: 66ms
getDiagnostics: 10ms
getHoverAt: 5ms
updating project structure from ...
getTemplateReferences: 0ms
getTemplateReferences: 0ms
getTemplateReferences: 0ms
updated: ng - 0ms
getHoverAt: 11ms
getHoverAt: 13ms
getHoverAt: 16ms
getHoverAt: 14ms
getDefinitionAt: 10ms
getDefinitionAt: 7ms
getHoverAt: 14ms
getHoverAt: 14ms
getDefinitionAt: 9ms
getDiagnostics: 37ms
updating project structure from ...
getTemplateReferences: 25ms
getTemplateReferences: 0ms
getTemplateReferences: 0ms
updated: ng - 0ms
getHoverAt: 5ms
getHoverAt: 12ms
getHoverAt: 15ms
getDiagnostics: 38ms
getCompletions: 68ms
getDiagnostics: 28ms
updating project structure from ...
getTemplateReferences: 22ms
getTemplateReferences: 0ms
getTemplateReferences: 0ms
updated: ng - 0ms
getHoverAt: 5ms
getCompletions: 38ms
getDiagnostics: 38ms
getDiagnostics: 58ms
updating project structure from ...
getTemplateReferences: 0ms
getTemplateReferences: 0ms
getTemplateReferences: 0ms
updated: ng - 0ms
getDiagnostics: 30ms
getDiagnostics: 51ms
updating project structure from ...
getTemplateReferences: 0ms
getTemplateReferences: 0ms
getTemplateReferences: 0ms
updated: ng - 0ms
getHoverAt: 0ms
getHoverAt: 0ms
getDiagnostics: 23ms
getCompletions: 13ms
getDiagnostics: 48ms
updating project structure from ...
getTemplateReferences: 0ms
getTemplateReferences: 0ms
getTemplateReferences: 0ms
updated: ng - 0ms
getCompletions: 12ms
getDiagnostics: 30ms
getCompletions: 15ms
getDiagnostics: 52ms
getDiagnostics: 27ms
updating project structure from ...
getTemplateReferences: 20ms
getTemplateReferences: 0ms
getTemplateReferences: 0ms
updated: ng - 0ms
getDiagnostics: 35ms
getCompletions: 11ms
getDiagnostics: 55ms
updating project structure from ...
getTemplateReferences: 0ms
getTemplateReferences: 0ms
getTemplateReferences: 0ms
updated: ng - 0ms
getDiagnostics: 28ms
updating project structure from ...
getTemplateReferences: 25ms
getTemplateReferences: 0ms
getTemplateReferences: 0ms
updated: ng - 0ms
getHoverAt: 0ms
getHoverAt: 0ms
getHoverAt: 1ms
getDiagnostics: 57ms
updating project structure from ...
getTemplateReferences: 27ms
getTemplateReferences: 0ms
getTemplateReferences: 0ms
updated: ng - 0ms
getCompletions: 19ms
getCompletions: 20ms
getDiagnostics: 51ms
updating project structure from ...
getTemplateReferences: 22ms
getTemplateReferences: 0ms
getTemplateReferences: 0ms
updated: ng - 0ms
getDiagnostics: 39ms
getDiagnostics: 50ms
getCompletions: 15ms
getDiagnostics: 35ms
getCompletions: 15ms
getCompletions: 20ms
getDiagnostics: 67ms
getDiagnostics: 29ms
updating project structure from ...
getTemplateReferences: 25ms
getTemplateReferences: 0ms
getTemplateReferences: 0ms
updated: ng - 0ms
getCompletions: 19ms
getCompletions: 11ms
getDiagnostics: 52ms
getDiagnostics: 69ms
updating project structure from ...
getTemplateReferences: 0ms
getTemplateReferences: 0ms
getTemplateReferences: 0ms
updated: ng - 0ms
getHoverAt: 0ms
getHoverAt: 39ms
getHoverAt: 14ms
getDefinitionAt: 22ms
getDefinitionAt: 19ms
getHoverAt: 19ms
getHoverAt: 7ms
getHoverAt: 13ms
getHoverAt: 17ms
getHoverAt: 13ms
getHoverAt: 15ms
getCompletions: 47ms
getDiagnostics: 63ms
getHoverAt: 49ms
getDiagnostics: 25ms
updating project structure from ...
getTemplateReferences: 0ms
getTemplateReferences: 0ms
getTemplateReferences: 0ms
updated: ng - 0ms
getDefinitionAt: 17ms
getDiagnostics: 48ms
getHoverAt: 29ms
getHoverAt: 12ms
updating project structure from ...
getTemplateReferences: 0ms
getTemplateReferences: 0ms
getTemplateReferences: 0ms
updated: ng - 0ms
getHoverAt: 6ms
getDiagnostics: 44ms
getDiagnostics: 60ms
getDiagnostics: 28ms
getDiagnostics: 51ms
updating project structure from ...
getTemplateReferences: 0ms
getTemplateReferences: 0ms
getTemplateReferences: 0ms
updated: ng - 0ms
getDiagnostics: 33ms
updating project structure from ...
getTemplateReferences: 27ms
getTemplateReferences: 0ms
getTemplateReferences: 0ms
updated: ng - 0ms
getHoverAt: 16ms
getHoverAt: 16ms
getDiagnostics: 59ms
getDiagnostics: 72ms
getDiagnostics: 38ms
updating project structure from ...
getTemplateReferences: 20ms
getTemplateReferences: 0ms
getTemplateReferences: 0ms
updated: ng - 0ms
getDiagnostics: 50ms
getDiagnostics: 63ms
updating project structure from ...
getTemplateReferences: 0ms
getTemplateReferences: 0ms
getTemplateReferences: 0ms
updated: ng - 0ms
getDiagnostics: 36ms
updating project structure from ...
getTemplateReferences: 26ms
getTemplateReferences: 0ms
getTemplateReferences: 0ms
updated: ng - 0ms
getHoverAt: 13ms
getHoverAt: 8ms
getHoverAt: 15ms
getCompletions: 57ms
getDiagnostics: 65ms
updating project structure from ...
getTemplateReferences: 0ms
getTemplateReferences: 0ms
getTemplateReferences: 0ms
updated: ng - 0ms
getHoverAt: 7ms
getHoverAt: 17ms
getHoverAt: 9ms
getDiagnostics: 64ms
updating project structure from ...
getTemplateReferences: 0ms
getTemplateReferences: 0ms
getTemplateReferences: 0ms
updated: ng - 0ms
getDiagnostics: 62ms
updating project structure from ...
getTemplateReferences: 0ms
getTemplateReferences: 0ms
getTemplateReferences: 0ms
updated: ng - 0ms
getCompletions: 77ms
getDiagnostics: 64ms
updating project structure from ...
getTemplateReferences: 0ms
getTemplateReferences: 0ms
getTemplateReferences: 0ms
updated: ng - 0ms
getDiagnostics: 36ms
updating project structure from ...
getTemplateReferences: 18ms
getTemplateReferences: 0ms
getTemplateReferences: 0ms
updated: ng - 0ms
getDiagnostics: 70ms
updating project structure from ...
getTemplateReferences: 0ms
getTemplateReferences: 0ms
getTemplateReferences: 0ms
updated: ng - 0ms
getCompletions: 61ms
getDiagnostics: 56ms
updating project structure from ...
getTemplateReferences: 0ms
getTemplateReferences: 0ms
getTemplateReferences: 0ms
updated: ng - 0ms
getHoverAt: 8ms
getHoverAt: 15ms
getHoverAt: 10ms
getHoverAt: 13ms
getHoverAt: 17ms
getDefinitionAt: 19ms
getDefinitionAt: 15ms
getDiagnostics: 37ms
getCompletions: 9ms
getDiagnostics: 36ms
getCompletions: 33ms
getDiagnostics: 19ms
updating project structure from ...
getTemplateReferences: 17ms
getTemplateReferences: 0ms
getTemplateReferences: 0ms
updated: ng - 0ms
getHoverAt: 1ms
getCompletions: 12ms
getHoverAt: 0ms
getDiagnostics: 21ms
updating project structure from ...
getTemplateReferences: 21ms
getTemplateReferences: 0ms
getTemplateReferences: 0ms
updated: ng - 0ms
getHoverAt: 0ms
getDiagnostics: 33ms
updating project structure from ...
getTemplateReferences: 19ms
getTemplateReferences: 0ms
getTemplateReferences: 0ms
updated: ng - 0ms
getCompletions: 12ms
getCompletions: 19ms
getDiagnostics: 24ms
updating project structure from ...
getTemplateReferences: 20ms
getTemplateReferences: 0ms
getTemplateReferences: 0ms
updated: ng - 0ms
getDiagnostics: 34ms
getCompletions: 12ms
getDiagnostics: 43ms
updating project structure from ...
getTemplateReferences: 0ms
getTemplateReferences: 0ms
getTemplateReferences: 0ms
updated: ng - 0ms
getCompletions: 9ms
getDiagnostics: 13ms
getCompletions: 20ms
getDiagnostics: 62ms
getDiagnostics: 27ms
getCompletions: 14ms
getDiagnostics: 44ms
updating project structure from ...
getTemplateReferences: 0ms
getTemplateReferences: 0ms
getTemplateReferences: 0ms
updated: ng - 0ms
getCompletions: 10ms
getDiagnostics: 23ms
getDiagnostics: 45ms
getCompletions: 25ms
getDiagnostics: 22ms
updating project structure from ...
getTemplateReferences: 24ms
getTemplateReferences: 0ms
getTemplateReferences: 0ms
updated: ng - 0ms
getDiagnostics: 33ms
updating project structure from ...
getTemplateReferences: 23ms
getTemplateReferences: 0ms
getTemplateReferences: 0ms
updated: ng - 0ms
getCompletions: 8ms
getDiagnostics: 22ms
getDiagnostics: 44ms
getCompletions: 9ms
getCompletions: 8ms
getDiagnostics: 17ms
getCompletions: 10ms
getDiagnostics: 50ms
updating project structure from ...
getTemplateReferences: 0ms
getTemplateReferences: 0ms
getTemplateReferences: 0ms
updated: ng - 0ms
getCompletions: 10ms
getDiagnostics: 22ms
updating project structure from ...
getTemplateReferences: 18ms
getTemplateReferences: 0ms
getTemplateReferences: 0ms
updated: ng - 0ms
getCompletions: 12ms
getDiagnostics: 24ms
updating project structure from ...
getTemplateReferences: 23ms
getTemplateReferences: 0ms
getTemplateReferences: 0ms
updated: ng - 0ms
getHoverAt: 0ms
Search path: /angular/presupuestoApp/src/app
Config file name: /angular/presupuestoApp/tsconfig.json
getTemplateReferences: 0ms
getDiagnostics: 41ms
getHoverAt: 0ms
getDefinitionAt: 0ms
getHoverAt: 0ms
getHoverAt: 1ms
getHoverAt: 0ms
getDefinitionAt: 0ms
getHoverAt: 0ms
getDiagnostics: 58ms
updating project structure from ...
getTemplateReferences: 0ms
getTemplateReferences: 0ms
updated: ng - 0ms
getHoverAt: 0ms
getDiagnostics: 38ms
updating project structure from ...
getTemplateReferences: 19ms
getTemplateReferences: 0ms
updated: ng - 0ms
getHoverAt: 0ms
getHoverAt: 1ms
getDiagnostics: 50ms
getCompletions: 20ms
getDiagnostics: 74ms
getCompletions: 11ms
getCompletions: 22ms
getDiagnostics: 33ms
getCompletions: 32ms
getDiagnostics: 44ms
getDiagnostics: 32ms
updating project structure from ...
getTemplateReferences: 25ms
getTemplateReferences: 0ms
updated: ng - 0ms
getDiagnostics: 40ms
getDiagnostics: 68ms
getDiagnostics: 32ms
getDiagnostics: 49ms
updating project structure from ...
getTemplateReferences: 0ms
getTemplateReferences: 0ms
updated: ng - 0ms
getDiagnostics: 29ms
updating project structure from ...
getTemplateReferences: 26ms
getTemplateReferences: 0ms
updated: ng - 0ms
getHoverAt: 1ms
getHoverAt: 0ms
getHoverAt: 0ms
getHoverAt: 0ms
getHoverAt: 0ms
getHoverAt: 0ms
getHoverAt: 0ms
getHoverAt: 0ms
getHoverAt: 0ms
getHoverAt: 0ms
getHoverAt: 0ms
getHoverAt: 1ms
getHoverAt: 0ms
getDiagnostics: 39ms
getDiagnostics: 65ms
updating project structure from ...
getTemplateReferences: 0ms
getTemplateReferences: 0ms
updated: ng - 0ms
getHoverAt: 0ms
getDiagnostics: 36ms
updating project structure from ...
getTemplateReferences: 23ms
getTemplateReferences: 0ms
updated: ng - 0ms
getHoverAt: 15ms
getDiagnostics: 28ms
getHoverAt: 0ms
getHoverAt: 0ms
updating project structure from ...
getTemplateReferences: 27ms
getTemplateReferences: 0ms
updated: ng - 0ms
getHoverAt: 0ms
getDiagnostics: 38ms
getHoverAt: 0ms
updating project structure from ...
getTemplateReferences: 29ms
getTemplateReferences: 0ms
updated: ng - 0ms
getHoverAt: 0ms
getCompletions: 61ms
getDiagnostics: 33ms
getCompletions: 16ms
getDiagnostics: 60ms
getDiagnostics: 34ms
updating project structure from ...
getTemplateReferences: 21ms
getTemplateReferences: 0ms
updated: ng - 0ms
getCompletions: 33ms
getDiagnostics: 25ms
updating project structure from ...
getTemplateReferences: 32ms
getTemplateReferences: 0ms
updated: ng - 0ms
getHoverAt: 0ms
getCompletions: 22ms
getDiagnostics: 33ms
updating project structure from ...
getTemplateReferences: 19ms
getTemplateReferences: 0ms
updated: ng - 0ms
getDiagnostics: 35ms
updating project structure from ...
getTemplateReferences: 24ms
getTemplateReferences: 0ms
updated: ng - 0ms
getCompletions: 12ms
getDiagnostics: 34ms
getCompletions: 14ms
getDiagnostics: 45ms
updating project structure from ...
getTemplateReferences: 0ms
getTemplateReferences: 0ms
updated: ng - 0ms
getCompletions: 12ms
getDiagnostics: 31ms
updating project structure from ...
getTemplateReferences: 23ms
getTemplateReferences: 0ms
updated: ng - 0ms
getHoverAt: 0ms
getHoverAt: 1ms
getCompletions: 16ms
getDiagnostics: 30ms
getDiagnostics: 60ms
updating project structure from ...
getTemplateReferences: 0ms
getTemplateReferences: 0ms
updated: ng - 0ms
Detected source file changes: /angular/presupuestoApp/src/app/gastos/gastos.model.ts
Search path: /angular/presupuestoApp/src/app/gastos
Config file name: /angular/presupuestoApp/tsconfig.json
getTemplateReferences: 0ms
getDiagnostics: 0ms
Detected source file changes: /angular/presupuestoApp/src/app/ingresos/ingresos.model.ts
Search path: /angular/presupuestoApp/src/app/ingresos
Config file name: /angular/presupuestoApp/tsconfig.json
getTemplateReferences: 0ms
getDiagnostics: 1ms
getCompletions: 14ms
getCompletions: 14ms
getDiagnostics: 95ms
updating project structure from ...
getTemplateReferences: 0ms
getTemplateReferences: 0ms
updated: ng - 55ms
[Info  - 14:12:09] /angular/presupuestoApp/src/app/gasto.service.ts deleted
Detected source file changes: /angular/presupuestoApp/src/app/gasto.service.ts
Detected source file changes: /angular/presupuestoApp/src/app/gastos/gasto.service.ts
Search path: /angular/presupuestoApp/src/app/gastos
Config file name: /angular/presupuestoApp/tsconfig.json
getTemplateReferences: 40ms
getDiagnostics: 0ms
getDiagnostics: 75ms
updating project structure from ...
getTemplateReferences: 22ms
getTemplateReferences: 0ms
updated: ng - 0ms
[Info  - 14:12:28] /angular/presupuestoApp/src/app/ingreso.service.ts deleted
Detected source file changes: /angular/presupuestoApp/src/app/ingreso.service.ts
Detected source file changes: /angular/presupuestoApp/src/app/ingresos/ingreso.service.ts
Search path: /angular/presupuestoApp/src/app/ingresos
Config file name: /angular/presupuestoApp/tsconfig.json
getTemplateReferences: 0ms
getDiagnostics: 0ms
getDiagnostics: 71ms
updating project structure from ...
getTemplateReferences: 28ms
getTemplateReferences: 0ms
updated: ng - 0ms
Search path: /angular/presupuestoApp/src/app
Config file name: /angular/presupuestoApp/tsconfig.json
getTemplateReferences: 0ms
getDiagnostics: 12ms
getDiagnostics: 15ms
updating project structure from ...
getTemplateReferences: 0ms
getTemplateReferences: 0ms
updated: ng - 38ms
getCompletions: 18ms
getCompletions: 13ms
getCompletions: 12ms
getCompletions: 13ms
getDiagnostics: 36ms
updating project structure from ...
getTemplateReferences: 0ms
getTemplateReferences: 0ms
updated: ng - 0ms
Search path: /angular/presupuestoApp/src/app/gasto
Config file name: /angular/presupuestoApp/tsconfig.json
getTemplateReferences: 0ms
getDiagnostics: 0ms
Search path: /angular/presupuestoApp/src/app/ingreso
Config file name: /angular/presupuestoApp/tsconfig.json
getTemplateReferences: 0ms
Search path: /angular/presupuestoApp/src/app/ingreso
Config file name: /angular/presupuestoApp/tsconfig.json
getTemplateReferences: 0ms
getDiagnostics: 43ms
updating project structure from ...
getTemplateReferences: 0ms
getTemplateReferences: 0ms
getTemplateReferences: 0ms
Angular Language Service: 7.2.4
TypeScript: 3.1.6
getTemplateReferences: 425ms
getTemplateReferences: 0ms
getTemplateReferences: 0ms
Angular Language Service: 7.2.4
TypeScript: 3.1.6
getTemplateReferences: 375ms
updated: ng - 37ms
getDiagnostics: 0ms
Search path: /angular/presupuestoApp/src/app/ingreso
Config file name: /angular/presupuestoApp/tsconfig.json
getTemplateReferences: 41ms
getDiagnostics: 3ms
Search path: /angular/presupuestoApp/src/app/ingreso
Config file name: /angular/presupuestoApp/tsconfig.json
getTemplateReferences: 0ms
getTemplateReferences: 0ms
getTemplateReferences: 0ms
getTemplateReferences: 0ms
Angular Language Service: 7.2.4
TypeScript: 3.1.6
getTemplateReferences: 395ms
getDiagnostics: 0ms
remove project: /angular/presupuestoApp/src/app/ingreso/ingresos.component.html
Search path: /angular/presupuestoApp/src/app/ingreso
Config file name: /angular/presupuestoApp/tsconfig.json
getTemplateReferences: 0ms
getTemplateReferences: 0ms
getTemplateReferences: 0ms
getTemplateReferences: 0ms
Angular Language Service: 7.2.4
TypeScript: 3.1.6
getTemplateReferences: 400ms
getDiagnostics: 0ms
[Info  - 14:14:06] /angular/presupuestoApp/src/app/ingresos/ingresos.component.ts deleted
getTemplateReferences: 0ms
getTemplateReferences: 0ms
getTemplateReferences: 0ms
getTemplateReferences: 0ms
Detected source file changes: /angular/presupuestoApp/src/app/ingreso/ingresos.component.ts
[Info  - 14:14:06] /angular/presupuestoApp/src/app/ingreso/ingresos.component.ts deleted
Detected source file changes: /angular/presupuestoApp/src/app/ingreso/ingreso.component.ts
Search path: /angular/presupuestoApp/src/app/ingreso
Config file name: /angular/presupuestoApp/tsconfig.json
getTemplateReferences: 0ms
getDiagnostics: 17ms
[Info  - 14:14:11] /angular/presupuestoApp/src/app/ingresos/ingresos.model.ts deleted
getTemplateReferences: 0ms
getTemplateReferences: 0ms
getTemplateReferences: 0ms
getTemplateReferences: 17ms
Detected source file changes: /angular/presupuestoApp/src/app/ingreso/ingresos.model.ts
[Info  - 14:14:11] /angular/presupuestoApp/src/app/ingreso/ingresos.model.ts deleted
Detected source file changes: /angular/presupuestoApp/src/app/ingreso/ingreso.model.ts
Search path: /angular/presupuestoApp/src/app/ingreso
Config file name: /angular/presupuestoApp/tsconfig.json
getTemplateReferences: 0ms
getDiagnostics: 0ms
Search path: /angular/presupuestoApp/src/app/gasto
Config file name: /angular/presupuestoApp/tsconfig.json
getTemplateReferences: 0ms
getDiagnostics: 1ms
[Info  - 14:14:30] /angular/presupuestoApp/src/app/gastos/gastos.model.ts deleted
getTemplateReferences: 0ms
getTemplateReferences: 0ms
getTemplateReferences: 0ms
getTemplateReferences: 0ms
Detected source file changes: /angular/presupuestoApp/src/app/gasto/gastos.model.ts
[Info  - 14:14:30] /angular/presupuestoApp/src/app/gasto/gastos.model.ts deleted
Detected source file changes: /angular/presupuestoApp/src/app/gasto/gasto.model.ts
Search path: /angular/presupuestoApp/src/app/gasto
Config file name: /angular/presupuestoApp/tsconfig.json
getTemplateReferences: 0ms
getDiagnostics: 1ms
Search path: /angular/presupuestoApp/src/app/gasto
Config file name: /angular/presupuestoApp/tsconfig.json
getTemplateReferences: 0ms
getTemplateReferences: 0ms
getTemplateReferences: 0ms
getTemplateReferences: 0ms
getTemplateReferences: 0ms
Angular Language Service: 7.2.4
TypeScript: 3.1.6
getTemplateReferences: 389ms
remove project: /angular/presupuestoApp/src/app/gasto/gastos.component.html
Search path: /angular/presupuestoApp/src/app/gasto
Config file name: /angular/presupuestoApp/tsconfig.json
getTemplateReferences: 0ms
getTemplateReferences: 0ms
getTemplateReferences: 0ms
getTemplateReferences: 0ms
getTemplateReferences: 0ms
Angular Language Service: 7.2.4
TypeScript: 3.1.6
getTemplateReferences: 376ms
getDiagnostics: 0ms
Search path: /angular/presupuestoApp/src/app/gasto
Config file name: /angular/presupuestoApp/tsconfig.json
getTemplateReferences: 0ms
getDiagnostics: 28ms
[Info  - 14:14:45] /angular/presupuestoApp/src/app/gastos/gastos.component.ts deleted
getTemplateReferences: 0ms
getTemplateReferences: 0ms
getTemplateReferences: 0ms
getTemplateReferences: 0ms
getTemplateReferences: 22ms
Detected source file changes: /angular/presupuestoApp/src/app/gasto/gastos.component.ts
[Info  - 14:14:45] /angular/presupuestoApp/src/app/gasto/gastos.component.ts deleted
Detected source file changes: /angular/presupuestoApp/src/app/gasto/gasto.component.ts
Search path: /angular/presupuestoApp/src/app/gasto
Config file name: /angular/presupuestoApp/tsconfig.json
getTemplateReferences: 0ms
getDiagnostics: 26ms
getHoverAt: 0ms
getDiagnostics: 44ms
updating project structure from ...
getTemplateReferences: 0ms
getTemplateReferences: 0ms
getTemplateReferences: 0ms
getTemplateReferences: 0ms
getTemplateReferences: 0ms
getTemplateReferences: 0ms
getTemplateReferences: 0ms
getTemplateReferences: 0ms
getTemplateReferences: 0ms
getTemplateReferences: 0ms
getTemplateReferences: 0ms
getTemplateReferences: 0ms
getTemplateReferences: 0ms
getTemplateReferences: 0ms
getTemplateReferences: 0ms
getTemplateReferences: 0ms
getTemplateReferences: 0ms
getTemplateReferences: 0ms
getTemplateReferences: 0ms
getTemplateReferences: 0ms
getTemplateReferences: 0ms
getTemplateReferences: 0ms
updated: ng - 0ms
Search path: /angular/presupuestoApp/src/app/gasto
Config file name: /angular/presupuestoApp/tsconfig.json
getTemplateReferences: 0ms
getDiagnostics: 23ms
getHoverAt: 0ms
getHoverAt: 0ms
remove project: /angular/presupuestoApp/src/app/gastos/gasto.service.ts
getHoverAt: 0ms
getHoverAt: 0ms
getHoverAt: 1ms
getHoverAt: 0ms
getHoverAt: 12ms
getDiagnostics: 30ms
getHoverAt: 0ms
getHoverAt: 1ms
getHoverAt: 0ms
updating project structure from ...
getTemplateReferences: 0ms
getTemplateReferences: 0ms
getTemplateReferences: 0ms
getTemplateReferences: 0ms
getTemplateReferences: 0ms
getTemplateReferences: 0ms
getTemplateReferences: 0ms
getTemplateReferences: 0ms
getTemplateReferences: 0ms
getTemplateReferences: 0ms
getTemplateReferences: 0ms
getTemplateReferences: 0ms
getTemplateReferences: 0ms
getTemplateReferences: 0ms
updated: ng - 0ms
getHoverAt: 12ms
getDiagnostics: 25ms
Search path: /angular/presupuestoApp/src/app/gasto
Config file name: /angular/presupuestoApp/tsconfig.json
getTemplateReferences: 34ms
updating project structure from ...
getTemplateReferences: 0ms
getTemplateReferences: 0ms
getTemplateReferences: 0ms
getTemplateReferences: 0ms
getTemplateReferences: 0ms
getTemplateReferences: 0ms
getTemplateReferences: 0ms
getTemplateReferences: 0ms
getTemplateReferences: 0ms
getTemplateReferences: 0ms
getTemplateReferences: 0ms
getTemplateReferences: 0ms
getTemplateReferences: 0ms
getTemplateReferences: 0ms
updated: ng - 0ms
getDiagnostics: 4ms
remove project: /angular/presupuestoApp/src/app/ingresos/ingreso.service.ts
Search path: /angular/presupuestoApp/src/app/gastos
Config file name: /angular/presupuestoApp/tsconfig.json
getTemplateReferences: 0ms
Search path: /angular/presupuestoApp/src/app/gastos
Config file name: /angular/presupuestoApp/tsconfig.json
getTemplateReferences: 0ms
getTemplateReferences: 0ms
getTemplateReferences: 0ms
getTemplateReferences: 0ms
getDiagnostics: 0ms
Search path: /angular/presupuestoApp/src/app/ingreso
Config file name: /angular/presupuestoApp/tsconfig.json
getTemplateReferences: 0ms
getDiagnostics: 0ms
getDiagnostics: 48ms
updating project structure from ...
getTemplateReferences: 23ms
getTemplateReferences: 0ms
getTemplateReferences: 0ms
getTemplateReferences: 0ms
getTemplateReferences: 0ms
getTemplateReferences: 0ms
getTemplateReferences: 0ms
getTemplateReferences: 0ms
getTemplateReferences: 0ms
getTemplateReferences: 0ms
getTemplateReferences: 0ms
getTemplateReferences: 0ms
Angular Language Service: 7.2.4
TypeScript: 3.1.6
getTemplateReferences: 374ms
getTemplateReferences: 0ms
getTemplateReferences: 0ms
getTemplateReferences: 0ms
getTemplateReferences: 0ms
Angular Language Service: 7.2.4
TypeScript: 3.1.6
getTemplateReferences: 366ms
updated: ng - 0ms
getDiagnostics: 0ms
Search path: /angular/presupuestoApp/src/app/gastos
Config file name: /angular/presupuestoApp/tsconfig.json
getTemplateReferences: 0ms
getDiagnostics: 25ms
Search path: /angular/presupuestoApp/src/app/gasto
Config file name: /angular/presupuestoApp/tsconfig.json
getTemplateReferences: 45ms
getDiagnostics: 0ms
getDiagnostics: 37ms
getDiagnostics: 56ms
updating project structure from ...
getTemplateReferences: 0ms
getTemplateReferences: 0ms
getTemplateReferences: 0ms
getTemplateReferences: 0ms
getTemplateReferences: 0ms
getTemplateReferences: 0ms
getTemplateReferences: 0ms
getTemplateReferences: 0ms
getTemplateReferences: 0ms
getTemplateReferences: 0ms
getTemplateReferences: 0ms
getTemplateReferences: 0ms
getTemplateReferences: 0ms
remove project: /angular/presupuestoApp/src/app/gasto/gasto.component.html
getTemplateReferences: 0ms
getTemplateReferences: 0ms
getTemplateReferences: 0ms
getTemplateReferences: 0ms
getTemplateReferences: 0ms
getTemplateReferences: 0ms
getTemplateReferences: 0ms
getTemplateReferences: 0ms
updated: ng - 0ms
getHoverAt: 0ms
getHoverAt: 0ms
getHoverAt: 0ms
getHoverAt: 1ms
getHoverAt: 18ms
getDiagnostics: 19ms
updating project structure from ...
getTemplateReferences: 15ms
getTemplateReferences: 0ms
getTemplateReferences: 0ms
getTemplateReferences: 0ms
getTemplateReferences: 0ms
getTemplateReferences: 0ms
getTemplateReferences: 0ms
getTemplateReferences: 0ms
getTemplateReferences: 0ms
getTemplateReferences: 0ms
getTemplateReferences: 0ms
getTemplateReferences: 0ms
getTemplateReferences: 0ms
getTemplateReferences: 0ms
getTemplateReferences: 0ms
updated: ng - 0ms
Search path: /angular/presupuestoApp/src/app/gastos
Config file name: /angular/presupuestoApp/tsconfig.json
getTemplateReferences: 0ms
getDiagnostics: 23ms
Search path: /angular/presupuestoApp/src/app/gastos
Config file name: /angular/presupuestoApp/tsconfig.json
getTemplateReferences: 36ms
getTemplateReferences: 0ms
getTemplateReferences: 0ms
getTemplateReferences: 0ms
getTemplateReferences: 0ms
Angular Language Service: 7.2.4
TypeScript: 3.1.6
getTemplateReferences: 481ms
getDiagnostics: 0ms
Search path: /angular/presupuestoApp/src/app/gastos
Config file name: /angular/presupuestoApp/tsconfig.json
getTemplateReferences: 0ms
getDiagnostics: 0ms
[Info  - 14:16:50] /angular/presupuestoApp/src/app/gastos/gasto.model.ts deleted
Detected source file changes: /angular/presupuestoApp/src/app/gastos/gasto.model.ts
remove project: /angular/presupuestoApp/src/app/gasto/gasto.model.ts
getTemplateReferences: 0ms
updating project structure from ...
getTemplateReferences: 0ms
getTemplateReferences: 0ms
getTemplateReferences: 0ms
getTemplateReferences: 0ms
getTemplateReferences: 0ms
getTemplateReferences: 0ms
getTemplateReferences: 0ms
getTemplateReferences: 0ms
getTemplateReferences: 0ms
getTemplateReferences: 0ms
getTemplateReferences: 0ms
getTemplateReferences: 0ms
getTemplateReferences: 0ms
getTemplateReferences: 0ms
getTemplateReferences: 0ms
updated: ng - 40ms
[Info  - 14:16:57] /angular/presupuestoApp/src/app/gastos/gasto.service.ts deleted
Detected source file changes: /angular/presupuestoApp/src/app/gastos/gasto.service.ts
remove project: /angular/presupuestoApp/src/app/gasto/gasto.service.ts
getTemplateReferences: 34ms
updating project structure from ...
getTemplateReferences: 0ms
getTemplateReferences: 0ms
getTemplateReferences: 0ms
getTemplateReferences: 0ms
getTemplateReferences: 0ms
getTemplateReferences: 0ms
getTemplateReferences: 0ms
getTemplateReferences: 0ms
updated: ng - 0ms
getDiagnostics: 71ms
updating project structure from ...
getTemplateReferences: 17ms
getTemplateReferences: 0ms
getTemplateReferences: 0ms
getTemplateReferences: 0ms
getTemplateReferences: 0ms
getTemplateReferences: 0ms
getTemplateReferences: 0ms
getTemplateReferences: 0ms
updated: ng - 0ms
remove project: /angular/presupuestoApp/src/app/gastos/gasto.component.html
remove project: /angular/presupuestoApp/src/app/ingreso/ingreso.component.html
Search path: /angular/presupuestoApp/src/app/ingresos
Config file name: /angular/presupuestoApp/tsconfig.json
getTemplateReferences: 0ms
getTemplateReferences: 0ms
Angular Language Service: 7.2.4
TypeScript: 3.1.6
getTemplateReferences: 460ms
Search path: /angular/presupuestoApp/src/app/ingresos
Config file name: /angular/presupuestoApp/tsconfig.json
getTemplateReferences: 0ms
getHoverAt: 0ms
getDiagnostics: 37ms
Search path: /angular/presupuestoApp/src/app/ingreso
Config file name: /angular/presupuestoApp/tsconfig.json
getTemplateReferences: 37ms
getDiagnostics: 0ms
getDiagnostics: 63ms
getDiagnostics: 15ms
updating project structure from ...
getTemplateReferences: 0ms
getTemplateReferences: 0ms
getTemplateReferences: 0ms
getTemplateReferences: 0ms
getTemplateReferences: 0ms
getTemplateReferences: 0ms
Angular Language Service: 7.2.4
TypeScript: 3.1.6
getTemplateReferences: 361ms
updated: ng - 11ms
getHoverAt: 0ms
getDiagnostics: 0ms
getDiagnostics: 43ms
updating project structure from ...
getTemplateReferences: 0ms
getTemplateReferences: 0ms
getTemplateReferences: 0ms
getTemplateReferences: 0ms
getTemplateReferences: 0ms
getTemplateReferences: 0ms
getTemplateReferences: 0ms
getTemplateReferences: 0ms
updated: ng - 0ms
Search path: /angular/presupuestoApp/src/app/ingresos
Config file name: /angular/presupuestoApp/tsconfig.json
getTemplateReferences: 0ms
getTemplateReferences: 0ms
getTemplateReferences: 0ms
getTemplateReferences: 0ms
getDiagnostics: 0ms
[Info  - 14:17:50] /angular/presupuestoApp/src/app/ingresos/ingreso.service.ts deleted
Detected source file changes: /angular/presupuestoApp/src/app/ingresos/ingreso.service.ts
remove project: /angular/presupuestoApp/src/app/ingreso/ingreso.service.ts
getTemplateReferences: 0ms
updating project structure from ...
getTemplateReferences: 0ms
getTemplateReferences: 0ms
getTemplateReferences: 0ms
getTemplateReferences: 0ms
updated: ng - 37ms
getDiagnostics: 3ms
updating project structure from ...
getTemplateReferences: 0ms
getTemplateReferences: 0ms
getTemplateReferences: 0ms
getTemplateReferences: 0ms
updated: ng - 0ms
getDiagnostics: 65ms
updating project structure from ...
getTemplateReferences: 14ms
getTemplateReferences: 0ms
getTemplateReferences: 0ms
getTemplateReferences: 0ms
updated: ng - 0ms
[Info  - 14:17:55] /angular/presupuestoApp/src/app/ingresos/ingreso.model.ts deleted
getTemplateReferences: 0ms
getTemplateReferences: 0ms
getTemplateReferences: 0ms
Detected source file changes: /angular/presupuestoApp/src/app/ingresos/ingreso.model.ts
Search path: /angular/presupuestoApp/src/app/ingreso
Config file name: /angular/presupuestoApp/tsconfig.json
getTemplateReferences: 0ms
getDiagnostics: 0ms
remove project: /angular/presupuestoApp/src/app/ingresos/ingreso.component.html
getDiagnostics: 34ms
getDiagnostics: 23ms
getDiagnostics: 13ms
getCompletions: 14ms
getDiagnostics: 14ms
updating project structure from ...
getTemplateReferences: 0ms
getTemplateReferences: 0ms
updated: ng - 45ms
getCompletions: 16ms
getCompletions: 12ms
getDiagnostics: 61ms
updating project structure from ...
getTemplateReferences: 0ms
getTemplateReferences: 0ms
updated: ng - 0ms
getCompletions: 24ms
getDiagnostics: 17ms
getCompletions: 10ms
getCompletions: 14ms
getCompletions: 12ms
getCompletions: 11ms
getCompletions: 8ms
getDiagnostics: 0ms
updating project structure from ...
getTemplateReferences: 0ms
getTemplateReferences: 0ms
updated: ng - 32ms
getDiagnostics: 44ms
updating project structure from ...
getTemplateReferences: 0ms
getTemplateReferences: 0ms
updated: ng - 0ms
getCompletions: 11ms
getDiagnostics: 16ms
updating project structure from ...
getTemplateReferences: 0ms
getTemplateReferences: 0ms
updated: ng - 37ms
getCompletions: 10ms
getDiagnostics: 44ms
getCompletions: 28ms
getDiagnostics: 13ms
getCompletions: 8ms
getDiagnostics: 12ms
getCompletions: 19ms
getCompletions: 33ms
getDiagnostics: 16ms
updating project structure from ...
getTemplateReferences: 0ms
getTemplateReferences: 0ms
updated: ng - 41ms
getDiagnostics: 50ms
updating project structure from ...
getTemplateReferences: 0ms
getTemplateReferences: 0ms
updated: ng - 0ms
Search path: /angular/presupuestoApp/src/app/ingreso
Config file name: /angular/presupuestoApp/tsconfig.json
getTemplateReferences: 0ms
getDiagnostics: 0ms
getDiagnostics: 50ms
getDiagnostics: 55ms
updating project structure from ...
getTemplateReferences: 0ms
getTemplateReferences: 0ms
updated: ng - 40ms
getHoverAt: 0ms
getCompletions: 16ms
getDiagnostics: 49ms
updating project structure from ...
getTemplateReferences: 0ms
getTemplateReferences: 0ms
updated: ng - 0ms
getHoverAt: 0ms
getHoverAt: 0ms
getHoverAt: 0ms
getHoverAt: 0ms
Search path: /angular/presupuestoApp/src/app/gasto
Config file name: /angular/presupuestoApp/tsconfig.json
getTemplateReferences: 0ms
getDiagnostics: 0ms
Search path: /angular/presupuestoApp/src/app
Config file name: /angular/presupuestoApp/tsconfig.json
getTemplateReferences: 0ms
getDiagnostics: 10ms
getHoverAt: 0ms
getHoverAt: 0ms
getHoverAt: 0ms
getHoverAt: 0ms
getHoverAt: 0ms
getDiagnostics: 78ms
getDiagnostics: 44ms
updating project structure from ...
getTemplateReferences: 0ms
getTemplateReferences: 0ms
updated: ng - 19ms
getDiagnostics: 58ms
updating project structure from ...
getTemplateReferences: 0ms
getTemplateReferences: 0ms
updated: ng - 0ms
getDefinitionAt: 0ms
Search path: /angular/presupuestoApp/src/app
Config file name: /angular/presupuestoApp/tsconfig.json
getTemplateReferences: 0ms
getDefinitionAt: 0ms
getHoverAt: 0ms
getDiagnostics: 3ms
Search path: /angular/presupuestoApp/src/app/ingreso
Config file name: /angular/presupuestoApp/tsconfig.json
getTemplateReferences: 0ms
getTemplateReferences: 0ms
getDiagnostics: 47ms
getHoverAt: 0ms
getHoverAt: 0ms
getHoverAt: 0ms
getHoverAt: 0ms
getHoverAt: 0ms
getHoverAt: 0ms
getDiagnostics: 86ms
getDiagnostics: 50ms
Search path: /angular/presupuestoApp/src/app
Config file name: /angular/presupuestoApp/tsconfig.json
getTemplateReferences: 0ms
getDefinitionAt: 0ms
updating project structure from ...
getTemplateReferences: 0ms
getTemplateReferences: 0ms
getTemplateReferences: 0ms
updated: ng - 32ms
getHoverAt: 0ms
getHoverAt: 0ms
getDiagnostics: 6ms
getHoverAt: 0ms
getHoverAt: 0ms
getHoverAt: 0ms
getHoverAt: 1ms
getHoverAt: 0ms
getCompletions: 9ms
getDiagnostics: 18ms
updating project structure from ...
getTemplateReferences: 35ms
getTemplateReferences: 0ms
getTemplateReferences: 0ms
updated: ng - 0ms
getHoverAt: 0ms
getDiagnostics: 45ms
updating project structure from ...
getTemplateReferences: 25ms
getTemplateReferences: 0ms
getTemplateReferences: 0ms
updated: ng - 0ms
getCompletions: 23ms
getDiagnostics: 24ms
getDiagnostics: 14ms
getDiagnostics: 85ms
updating project structure from ...
getTemplateReferences: 0ms
getTemplateReferences: 0ms
getTemplateReferences: 0ms
updated: ng - 45ms
getCompletions: 10ms
getDiagnostics: 39ms
getCompletions: 29ms
getCompletions: 12ms
getCompletions: 10ms
getDiagnostics: 0ms
updating project structure from ...
getTemplateReferences: 0ms
getTemplateReferences: 0ms
getTemplateReferences: 0ms
updated: ng - 39ms
getDiagnostics: 48ms
getDiagnostics: 12ms
getCompletions: 13ms
getCompletions: 14ms
getCompletions: 7ms
getDiagnostics: 0ms
updating project structure from ...
getTemplateReferences: 0ms
getTemplateReferences: 0ms
getTemplateReferences: 0ms
updated: ng - 41ms
getCompletions: 9ms
getDiagnostics: 47ms
updating project structure from ...
getTemplateReferences: 0ms
getTemplateReferences: 0ms
getTemplateReferences: 0ms
updated: ng - 0ms
getDiagnostics: 11ms
updating project structure from ...
getTemplateReferences: 0ms
getTemplateReferences: 0ms
getTemplateReferences: 0ms
updated: ng - 29ms
getCompletions: 55ms
getCompletions: 47ms
getDiagnostics: 84ms
getDiagnostics: 48ms
getCompletions: 40ms
getDiagnostics: 46ms
updating project structure from ...
getTemplateReferences: 0ms
getTemplateReferences: 0ms
getTemplateReferences: 0ms
updated: ng - 32ms
getCompletions: 12ms
getCompletions: 8ms
getCompletions: 10ms
getDiagnostics: 43ms
getCompletions: 12ms
getCompletions: 9ms
getCompletions: 14ms
getCompletions: 11ms
getCompletions: 11ms
getCompletions: 9ms
getCompletions: 10ms
getDiagnostics: 1ms
updating project structure from ...
getTemplateReferences: 0ms
getTemplateReferences: 0ms
getTemplateReferences: 0ms
updated: ng - 36ms
getDiagnostics: 42ms
updating project structure from ...
getTemplateReferences: 0ms
getTemplateReferences: 0ms
getTemplateReferences: 0ms
updated: ng - 0ms
getDiagnostics: 12ms
getCompletions: 8ms
getCompletions: 9ms
getCompletions: 8ms
getCompletions: 14ms
getDiagnostics: 8ms
getDiagnostics: 9ms
updating project structure from ...
getTemplateReferences: 0ms
getTemplateReferences: 0ms
getTemplateReferences: 0ms
updated: ng - 32ms
getCompletions: 19ms
getDiagnostics: 43ms
updating project structure from ...
getTemplateReferences: 0ms
getTemplateReferences: 0ms
getTemplateReferences: 0ms
updated: ng - 0ms
getCompletions: 10ms
getDiagnostics: 19ms
getCompletions: 9ms
getDiagnostics: 16ms
updating project structure from ...
getTemplateReferences: 0ms
getTemplateReferences: 0ms
getTemplateReferences: 0ms
updated: ng - 31ms
getDiagnostics: 41ms
updating project structure from ...
getTemplateReferences: 0ms
getTemplateReferences: 0ms
getTemplateReferences: 0ms
updated: ng - 0ms
getCompletions: 8ms
getDiagnostics: 13ms
updating project structure from ...
getTemplateReferences: 0ms
getTemplateReferences: 0ms
getTemplateReferences: 0ms
updated: ng - 44ms
getDiagnostics: 43ms
updating project structure from ...
getTemplateReferences: 0ms
getTemplateReferences: 0ms
getTemplateReferences: 1ms
updated: ng - 0ms
getDiagnostics: 14ms
getCompletions: 19ms
getDiagnostics: 16ms
updating project structure from ...
getTemplateReferences: 0ms
getTemplateReferences: 0ms
getTemplateReferences: 0ms
updated: ng - 36ms
getCompletions: 9ms
getDiagnostics: 56ms
updating project structure from ...
getTemplateReferences: 0ms
getTemplateReferences: 0ms
getTemplateReferences: 0ms
updated: ng - 0ms
getCompletions: 8ms
getCompletions: 8ms
getDiagnostics: 6ms
getDiagnostics: 9ms
updating project structure from ...
getTemplateReferences: 0ms
getTemplateReferences: 0ms
getTemplateReferences: 0ms
updated: ng - 34ms
getDiagnostics: 49ms
updating project structure from ...
getTemplateReferences: 0ms
getTemplateReferences: 0ms
getTemplateReferences: 0ms
updated: ng - 0ms
getDiagnostics: 14ms
getCompletions: 16ms
getCompletions: 15ms
getDiagnostics: 10ms
getCompletions: 8ms
getDiagnostics: 0ms
getDiagnostics: 11ms
updating project structure from ...
getTemplateReferences: 0ms
getTemplateReferences: 0ms
getTemplateReferences: 0ms
updated: ng - 45ms
getHoverAt: 1ms
getDiagnostics: 50ms
updating project structure from ...
getTemplateReferences: 0ms
getTemplateReferences: 0ms
getTemplateReferences: 0ms
updated: ng - 0ms
getHoverAt: 0ms
getHoverAt: 1ms
getDiagnostics: 13ms
updating project structure from ...
getTemplateReferences: 0ms
getTemplateReferences: 0ms
getTemplateReferences: 0ms
updated: ng - 33ms
getDiagnostics: 49ms
updating project structure from ...
getTemplateReferences: 0ms
getTemplateReferences: 0ms
getTemplateReferences: 0ms
updated: ng - 0ms
getHoverAt: 1ms
getHoverAt: 0ms
getHoverAt: 0ms
getDiagnostics: 13ms
updating project structure from ...
getTemplateReferences: 0ms
getTemplateReferences: 0ms
getTemplateReferences: 0ms
updated: ng - 39ms
Search path: /angular/presupuestoApp/src/app/ingreso
Config file name: /angular/presupuestoApp/tsconfig.json
getTemplateReferences: 49ms
getDiagnostics: 0ms
getHoverAt: 0ms
Search path: /angular/presupuestoApp/src/app/gasto
Config file name: /angular/presupuestoApp/tsconfig.json
getTemplateReferences: 0ms
getDiagnostics: 1ms
getHoverAt: 1ms
getHoverAt: 0ms
getDiagnostics: 15ms
updating project structure from ...
getTemplateReferences: 0ms
getTemplateReferences: 0ms
updated: ng - 38ms
getDiagnostics: 54ms
getDiagnostics: 15ms
getDiagnostics: 16ms
updating project structure from ...
getTemplateReferences: 0ms
getTemplateReferences: 0ms
updated: ng - 33ms
getDiagnostics: 89ms
getHoverAt: 14ms
getDiagnostics: 0ms
updating project structure from ...
getTemplateReferences: 0ms
getTemplateReferences: 0ms
updated: ng - 41ms
getDiagnostics: 45ms
getHoverAt: 0ms
getDiagnostics: 12ms
updating project structure from ...
getTemplateReferences: 0ms
getTemplateReferences: 0ms
updated: ng - 34ms
Search path: /angular/presupuestoApp/src/app/gasto
Config file name: /angular/presupuestoApp/tsconfig.json
getTemplateReferences: 34ms
getDiagnostics: 0ms
getCompletions: 49ms
getDiagnostics: 13ms
updating project structure from ...
getTemplateReferences: 0ms
getTemplateReferences: 0ms
updated: ng - 33ms
getHoverAt: 0ms
getDiagnostics: 115ms
getHoverAt: 0ms
updating project structure from ...
getTemplateReferences: 0ms
getTemplateReferences: 0ms
updated: ng - 0ms
getDiagnostics: 17ms
updating project structure from ...
getTemplateReferences: 0ms
getTemplateReferences: 0ms
updated: ng - 40ms
getDiagnostics: 50ms
getDiagnostics: 14ms
getDiagnostics: 16ms
updating project structure from ...
getTemplateReferences: 0ms
getTemplateReferences: 0ms
updated: ng - 35ms
getHoverAt: 0ms
getCompletions: 64ms
getDiagnostics: 73ms
updating project structure from ...
getTemplateReferences: 0ms
getTemplateReferences: 0ms
updated: ng - 0ms
Search path: /angular/presupuestoApp/src/app/gasto
Config file name: /angular/presupuestoApp/tsconfig.json
getTemplateReferences: 0ms
getHoverAt: 0ms
getDiagnostics: 0ms
getHoverAt: 0ms
getHoverAt: 1ms
getHoverAt: 0ms
getCompletions: 11ms
getDiagnostics: 16ms
getHoverAt: 0ms
updating project structure from ...
getTemplateReferences: 0ms
getTemplateReferences: 0ms
updated: ng - 42ms
getDefinitionAt: 1ms
getHoverAt: 0ms
getDefinitionAt: 0ms
getDefinitionAt: 0ms
getDefinitionAt: 0ms
getDefinitionAt: 0ms
getHoverAt: 0ms
getDefinitionAt: 0ms
getDefinitionAt: 0ms
getDefinitionAt: 1ms
getHoverAt: 0ms
getDefinitionAt: 16ms
getDefinitionAt: 0ms
getHoverAt: 0ms
getDiagnostics: 54ms
getHoverAt: 0ms
updating project structure from ...
getTemplateReferences: 0ms
getTemplateReferences: 0ms
updated: ng - 0ms
getHoverAt: 0ms
getCompletions: 9ms
getCompletions: 14ms
getDiagnostics: 0ms
updating project structure from ...
getTemplateReferences: 0ms
getTemplateReferences: 0ms
updated: ng - 48ms
getHoverAt: 0ms
getHoverAt: 1ms
getDiagnostics: 54ms
getDiagnostics: 15ms
updating project structure from ...
getTemplateReferences: 0ms
getTemplateReferences: 0ms
updated: ng - 29ms
getDiagnostics: 51ms
updating project structure from ...
getTemplateReferences: 0ms
getTemplateReferences: 0ms
updated: ng - 0ms
getDiagnostics: 12ms
updating project structure from ...
getTemplateReferences: 0ms
getTemplateReferences: 0ms
updated: ng - 33ms
getHoverAt: 0ms
getHoverAt: 1ms
getDiagnostics: 48ms
updating project structure from ...
getTemplateReferences: 0ms
getTemplateReferences: 0ms
updated: ng - 0ms
getDiagnostics: 21ms
updating project structure from ...
getTemplateReferences: 0ms
getTemplateReferences: 0ms
updated: ng - 40ms
getCompletions: 11ms
getDiagnostics: 40ms
updating project structure from ...
getTemplateReferences: 0ms
getTemplateReferences: 0ms
updated: ng - 0ms
getDiagnostics: 13ms
updating project structure from ...
getTemplateReferences: 0ms
getTemplateReferences: 0ms
updated: ng - 28ms
Search path: /angular/presupuestoApp/src/app/gasto
Config file name: /angular/presupuestoApp/tsconfig.json
getTemplateReferences: 28ms
getDiagnostics: 0ms
getHoverAt: 0ms
getDiagnostics: 108ms
getHoverAt: 1ms
updating project structure from ...
getTemplateReferences: 21ms
getTemplateReferences: 0ms
updated: ng - 0ms
getHoverAt: 0ms
getHoverAt: 0ms
getHoverAt: 0ms
getHoverAt: 0ms
getHoverAt: 0ms
Search path: /angular/presupuestoApp/src/app/formulario
Config file name: /angular/presupuestoApp/tsconfig.json
getTemplateReferences: 0ms
getDiagnostics: 28ms
